#
# A fatal error has been detected by the Java Runtime Environment:
#
#  EXCEPTION_ACCESS_VIOLATION (0xc0000005) at pc=0x000000007110b5db, pid=10560, tid=9056
#
# JRE version: OpenJDK Runtime Environment (15.0.1+9) (build 15.0.1+9-18)
# Java VM: OpenJDK 64-Bit Server VM (15.0.1+9-18, mixed mode, sharing, tiered, compressed oops, g1 gc, windows-amd64)
# Problematic frame:
# C  [jSSC-2.8_x86_64.dll+0xb5db]
#
# No core dump will be written. Minidumps are not enabled by default on client versions of Windows
#
# If you would like to submit a bug report, please visit:
#   https://bugreport.java.com/bugreport/crash.jsp
# The crash happened outside the Java Virtual Machine in native code.
# See problematic frame for where to report the bug.
#

---------------  S U M M A R Y ------------

Command Line: -javaagent:C:\Users\epr2\AppData\Local\JetBrains\IntelliJ IDEA Community Edition 2020.2.3\lib\idea_rt.jar=59077:C:\Users\epr2\AppData\Local\JetBrains\IntelliJ IDEA Community Edition 2020.2.3\bin -Dfile.encoding=UTF-8 edu.tpu.dar.ruban.Main

Host: Intel(R) Core(TM) i5-7500 CPU @ 3.40GHz, 4 cores, 7G,  Windows 10 , 64 bit Build 17763 (10.0.17763.475)
Time: Fri Nov  6 19:21:22 2020 Oiine (ceia) elapsed time: 1.416616 seconds (0d 0h 0m 1s)

---------------  T H R E A D  ---------------

Current thread (0x000001e9ee833c40):  JavaThread "AWT-EventQueue-0" [_thread_in_native, id=9056, stack(0x000000e634100000,0x000000e634200000)]

Stack: [0x000000e634100000,0x000000e634200000],  sp=0x000000e6341fe100,  free space=1016k
Native frames: (J=compiled Java code, j=interpreted, Vv=VM code, C=native code)
C  [jSSC-2.8_x86_64.dll+0xb5db]

Java frames: (J=compiled Java code, j=interpreted, Vv=VM code)
j  jssc.SerialNativeInterface.openPort(Ljava/lang/String;Z)J+0
j  jssc.SerialPort.openPort()Z+65
j  edu.tpu.dar.ruban.ComRead.open()V+4
j  edu.tpu.dar.ruban.App.lambda$showEventDemo$0(Ljava/awt/event/ActionEvent;)V+4
j  edu.tpu.dar.ruban.App$$Lambda$133+0x0000000800c087d0.actionPerformed(Ljava/awt/event/ActionEvent;)V+5
j  javax.swing.AbstractButton.fireActionPerformed(Ljava/awt/event/ActionEvent;)V+84 java.desktop@15.0.1
j  javax.swing.AbstractButton$Handler.actionPerformed(Ljava/awt/event/ActionEvent;)V+5 java.desktop@15.0.1
j  javax.swing.DefaultButtonModel.fireActionPerformed(Ljava/awt/event/ActionEvent;)V+34 java.desktop@15.0.1
j  javax.swing.DefaultButtonModel.setPressed(Z)V+117 java.desktop@15.0.1
j  javax.swing.plaf.basic.BasicButtonListener.mouseReleased(Ljava/awt/event/MouseEvent;)V+35 java.desktop@15.0.1
j  java.awt.Component.processMouseEvent(Ljava/awt/event/MouseEvent;)V+64 java.desktop@15.0.1
j  javax.swing.JComponent.processMouseEvent(Ljava/awt/event/MouseEvent;)V+23 java.desktop@15.0.1
j  java.awt.Component.processEvent(Ljava/awt/AWTEvent;)V+81 java.desktop@15.0.1
j  java.awt.Container.processEvent(Ljava/awt/AWTEvent;)V+18 java.desktop@15.0.1
j  java.awt.Component.dispatchEventImpl(Ljava/awt/AWTEvent;)V+496 java.desktop@15.0.1
j  java.awt.Container.dispatchEventImpl(Ljava/awt/AWTEvent;)V+42 java.desktop@15.0.1
j  java.awt.Component.dispatchEvent(Ljava/awt/AWTEvent;)V+2 java.desktop@15.0.1
j  java.awt.LightweightDispatcher.retargetMouseEvent(Ljava/awt/Component;ILjava/awt/event/MouseEvent;)V+349 java.desktop@15.0.1
j  java.awt.LightweightDispatcher.processMouseEvent(Ljava/awt/event/MouseEvent;)Z+155 java.desktop@15.0.1
j  java.awt.LightweightDispatcher.dispatchEvent(Ljava/awt/AWTEvent;)Z+50 java.desktop@15.0.1
j  java.awt.Container.dispatchEventImpl(Ljava/awt/AWTEvent;)V+12 java.desktop@15.0.1
j  java.awt.Window.dispatchEventImpl(Ljava/awt/AWTEvent;)V+19 java.desktop@15.0.1
j  java.awt.Component.dispatchEvent(Ljava/awt/AWTEvent;)V+2 java.desktop@15.0.1
j  java.awt.EventQueue.dispatchEventImpl(Ljava/awt/AWTEvent;Ljava/lang/Object;)V+41 java.desktop@15.0.1
j  java.awt.EventQueue$4.run()Ljava/lang/Void;+32 java.desktop@15.0.1
j  java.awt.EventQueue$4.run()Ljava/lang/Object;+1 java.desktop@15.0.1
J 673 c1 java.security.AccessController.executePrivileged(Ljava/security/PrivilegedAction;Ljava/security/AccessControlContext;Ljava/lang/Class;)Ljava/lang/Object; java.base@15.0.1 (65 bytes) @ 0x000001e9d6f54fc4 [0x000001e9d6f54e60+0x0000000000000164]
j  java.security.AccessController.doPrivileged(Ljava/security/PrivilegedAction;Ljava/security/AccessControlContext;)Ljava/lang/Object;+13 java.base@15.0.1
j  java.security.ProtectionDomain$JavaSecurityAccessImpl.doIntersectionPrivilege(Ljava/security/PrivilegedAction;Ljava/security/AccessControlContext;Ljava/security/AccessControlContext;)Ljava/lang/Object;+18 java.base@15.0.1
j  java.security.ProtectionDomain$JavaSecurityAccessImpl.doIntersectionPrivilege(Ljava/security/PrivilegedAction;Ljava/security/AccessControlContext;)Ljava/lang/Object;+6 java.base@15.0.1
j  java.awt.EventQueue$5.run()Ljava/lang/Void;+11 java.desktop@15.0.1
j  java.awt.EventQueue$5.run()Ljava/lang/Object;+1 java.desktop@15.0.1
J 673 c1 java.security.AccessController.executePrivileged(Ljava/security/PrivilegedAction;Ljava/security/AccessControlContext;Ljava/lang/Class;)Ljava/lang/Object; java.base@15.0.1 (65 bytes) @ 0x000001e9d6f54fc4 [0x000001e9d6f54e60+0x0000000000000164]
j  java.security.AccessController.doPrivileged(Ljava/security/PrivilegedAction;Ljava/security/AccessControlContext;)Ljava/lang/Object;+13 java.base@15.0.1
j  java.security.ProtectionDomain$JavaSecurityAccessImpl.doIntersectionPrivilege(Ljava/security/PrivilegedAction;Ljava/security/AccessControlContext;Ljava/security/AccessControlContext;)Ljava/lang/Object;+18 java.base@15.0.1
j  java.awt.EventQueue.dispatchEvent(Ljava/awt/AWTEvent;)V+73 java.desktop@15.0.1
j  java.awt.EventDispatchThread.pumpOneEventForFilters(I)V+78 java.desktop@15.0.1
j  java.awt.EventDispatchThread.pumpEventsForFilter(ILjava/awt/Conditional;Ljava/awt/EventFilter;)V+35 java.desktop@15.0.1
j  java.awt.EventDispatchThread.pumpEventsForHierarchy(ILjava/awt/Conditional;Ljava/awt/Component;)V+11 java.desktop@15.0.1
j  java.awt.EventDispatchThread.pumpEvents(ILjava/awt/Conditional;)V+4 java.desktop@15.0.1
j  java.awt.EventDispatchThread.pumpEvents(Ljava/awt/Conditional;)V+3 java.desktop@15.0.1
j  java.awt.EventDispatchThread.run()V+9 java.desktop@15.0.1
v  ~StubRoutines::call_stub

siginfo: EXCEPTION_ACCESS_VIOLATION (0xc0000005), reading address 0xffffffffefc56ff9


Register to memory mapping:

RIP=0x000000007110b5db jSSC-2.8_x86_64.dll
RAX=0xffffffffefc56ff9 is an unknown value
RBX=0x000000e6341fe170 is pointing into the stack for thread: 0x000001e9ee833c40
RCX=0x00007fff114ff944 ntdll.dll
RDX=0x0 is NULL
RSP=0x000000e6341fe100 is pointing into the stack for thread: 0x000001e9ee833c40
RBP=0x000000e6341fe280 is pointing into the stack for thread: 0x000001e9ee833c40
RSI=0x000001e9ee833f68 points into unknown readable memory: 0x00007ffec5ecde40 | 40 de ec c5 fe 7f 00 00
RDI=0x0000000000000658 is an unknown value
R8 =0x000000e6341fdff8 is pointing into the stack for thread: 0x000001e9ee833c40
R9 =0x000000e6341fe0f0 is pointing into the stack for thread: 0x000001e9ee833c40
R10=0x0 is NULL
R11=0x0000000000000246 is an unknown value
R12=0x000000e6341fe338 is pointing into the stack for thread: 0x000001e9ee833c40
R13=0x000001e9ee8b0660 points into unknown readable memory: 0x006c6c00334d4f43 | 43 4f 4d 33 00 6c 6c 00
R14=0x000000e6341fe230 is pointing into the stack for thread: 0x000001e9ee833c40
R15=0x000001e9ee833c40 is a thread


Registers:
RAX=0xffffffffefc56ff9, RBX=0x000000e6341fe170, RCX=0x00007fff114ff944, RDX=0x0000000000000000
RSP=0x000000e6341fe100, RBP=0x000000e6341fe280, RSI=0x000001e9ee833f68, RDI=0x0000000000000658
R8 =0x000000e6341fdff8, R9 =0x000000e6341fe0f0, R10=0x0000000000000000, R11=0x0000000000000246
R12=0x000000e6341fe338, R13=0x000001e9ee8b0660, R14=0x000000e6341fe230, R15=0x000001e9ee833c40
RIP=0x000000007110b5db, EFLAGS=0x0000000000010202

Top of Stack: (sp=0x000000e6341fe100)
0x000000e6341fe100:   000000e6341fe128 0000000000000000
0x000000e6341fe110:   000000007110b230 00007fff1147267d
0x000000e6341fe120:   000000e6341fe338 0000000000000004
0x000000e6341fe130:   000001e9ee833f68 0000000000000658
0x000000e6341fe140:   000000e6341fe280 0000000071112590
0x000000e6341fe150:   000000e6341fe1b0 000000e600000000
0x000000e6341fe160:   00000000c0000000 0000000000000000
0x000000e6341fe170:   0000000000000658 00007fff0de4e7cc
0x000000e6341fe180:   000000e6341fe230 000001e9ee8b0660
0x000000e6341fe190:   000000e6341fe338 0000000000000658
0x000000e6341fe1a0:   0000000071113500 0000000071113be8
0x000000e6341fe1b0:   000000e6341fe1e0 0000000071112641
0x000000e6341fe1c0:   000000e6341fe150 0000000000000000
0x000000e6341fe1d0:   0000000000000000 0000000000000000
0x000000e6341fe1e0:   000000e6341fe280 0000000071101595
0x000000e6341fe1f0:   000000000000001c 000001e900000000 

Instructions: (pc=0x000000007110b5db)
0x000000007110b4db:   48 85 c0 74 bf 44 8b 03 45 85 c0 0f 84 77 ff ff
0x000000007110b4eb:   ff eb 9f 66 90 e8 8b fe ff ff 48 89 05 0c 34 01
0x000000007110b4fb:   00 eb ad 66 90 e8 7b fe ff ff 48 89 05 fc 33 01
0x000000007110b50b:   00 eb 8b e8 8d fe ff ff c7 03 01 00 00 00 e9 6f
0x000000007110b51b:   ff ff ff 66 90 55 48 89 e5 56 53 48 83 ec 20 48
0x000000007110b52b:   8b 05 d7 33 01 00 48 8b 31 48 89 cb 48 85 c0 74
0x000000007110b53b:   56 44 8b 18 45 85 db 78 42 48 8b 05 bd 33 01 00
0x000000007110b54b:   48 85 c0 74 50 44 8b 10 45 85 d2 74 1d 48 89 f1
0x000000007110b55b:   e8 d0 fd ff ff 48 8b 13 48 8d 42 40 48 8b 48 08
0x000000007110b56b:   48 8b 6a 40 48 8b 60 10 ff e1 48 8b 05 9c 33 01
0x000000007110b57b:   00 48 85 c0 74 2d 48 89 30 eb da e8 b5 fe ff ff
0x000000007110b58b:   0f 1f 44 00 00 eb b2 e8 e9 fd ff ff 48 89 05 6a
0x000000007110b59b:   33 01 00 eb 9c e8 db fd ff ff 48 89 05 5c 33 01
0x000000007110b5ab:   00 eb a2 e8 3d fd ff ff 48 89 05 5e 33 01 00 eb
0x000000007110b5bb:   c5 0f 1f 40 00 55 57 56 53 48 83 ec 28 48 8b 05
0x000000007110b5cb:   39 33 01 00 48 89 cb 48 85 c0 0f 84 c5 00 00 00
0x000000007110b5db:   8b 38 85 ff 0f 88 ab 00 00 00 48 8b 05 1c 33 01
0x000000007110b5eb:   00 48 85 c0 0f 84 bc 00 00 00 8b 30 85 f6 74 57
0x000000007110b5fb:   48 8b 05 0e 33 01 00 48 85 c0 0f 84 e5 00 00 00
0x000000007110b60b:   8b 28 48 8b 35 10 5e 01 00 ff d6 89 c7 89 e9 ff
0x000000007110b61b:   15 f4 5e 01 00 89 f9 48 89 c5 ff 15 b9 5e 01 00
0x000000007110b62b:   48 8b 05 de 32 01 00 48 89 2b 48 85 c0 74 46 48
0x000000007110b63b:   89 da 8b 08 ff 15 d7 5e 01 00 85 c0 74 27 48 83
0x000000007110b64b:   c4 28 5b 5e 5f 5d c3 48 8b 05 bf 32 01 00 48 85
0x000000007110b65b:   c0 74 64 48 8b 10 48 89 13 48 89 18 48 83 c4 28
0x000000007110b66b:   5b 5e 5f 5d c3 48 89 f2 48 83 c4 28 5b 5e 5f 5d
0x000000007110b67b:   48 ff e2 66 90 e8 8b fc ff ff 48 89 05 84 32 01
0x000000007110b68b:   00 eb ac 66 90 e8 ab fd ff ff e9 4b ff ff ff 66
0x000000007110b69b:   0f 1f 44 00 00 e8 db fc ff ff 48 89 05 5c 32 01
0x000000007110b6ab:   00 e9 2a ff ff ff e8 ca fc ff ff 48 89 05 4b 32
0x000000007110b6bb:   01 00 e9 33 ff ff ff e8 29 fc ff ff 48 89 05 4a
0x000000007110b6cb:   32 01 00 48 8b 10 48 85 c0 48 89 13 75 8b e8 12 


Stack slot to memory mapping:
stack at sp + 0 slots: 0x000000e6341fe128 is pointing into the stack for thread: 0x000001e9ee833c40
stack at sp + 1 slots: 0x0 is NULL
stack at sp + 2 slots: 0x000000007110b230 jSSC-2.8_x86_64.dll
stack at sp + 3 slots: 0x00007fff1147267d ntdll.dll
stack at sp + 4 slots: 0x000000e6341fe338 is pointing into the stack for thread: 0x000001e9ee833c40
stack at sp + 5 slots: 0x0000000000000004 is an unknown value
stack at sp + 6 slots: 0x000001e9ee833f68 points into unknown readable memory: 0x00007ffec5ecde40 | 40 de ec c5 fe 7f 00 00
stack at sp + 7 slots: 0x0000000000000658 is an unknown value


---------------  P R O C E S S  ---------------

Threads class SMR info:
_java_thread_list=0x000001e9ee84cd00, length=16, elements={
0x000001e9ecfe2d70, 0x000001e9ecfe3d60, 0x000001e9ecffcb10, 0x000001e9ecfff4e0,
0x000001e9ecffff90, 0x000001e9ed001e30, 0x000001e9ed004e00, 0x000001e9ed045450,
0x000001e9ecfc5dc0, 0x000001e9edb714c0, 0x000001e9edad1b90, 0x000001e9edcdcea0,
0x000001e9edce22c0, 0x000001e9edce58f0, 0x000001e9ee833c40, 0x000001e9ccea32c0
}

Java Threads: ( => current thread )
  0x000001e9ecfe2d70 JavaThread "Reference Handler" daemon [_thread_blocked, id=8440, stack(0x000000e633200000,0x000000e633300000)]
  0x000001e9ecfe3d60 JavaThread "Finalizer" daemon [_thread_blocked, id=9864, stack(0x000000e633300000,0x000000e633400000)]
  0x000001e9ecffcb10 JavaThread "Signal Dispatcher" daemon [_thread_blocked, id=6364, stack(0x000000e633400000,0x000000e633500000)]
  0x000001e9ecfff4e0 JavaThread "Attach Listener" daemon [_thread_blocked, id=10692, stack(0x000000e633500000,0x000000e633600000)]
  0x000001e9ecffff90 JavaThread "Service Thread" daemon [_thread_blocked, id=10592, stack(0x000000e633600000,0x000000e633700000)]
  0x000001e9ed001e30 JavaThread "C2 CompilerThread0" daemon [_thread_blocked, id=11516, stack(0x000000e633700000,0x000000e633800000)]
  0x000001e9ed004e00 JavaThread "C1 CompilerThread0" daemon [_thread_blocked, id=5748, stack(0x000000e633800000,0x000000e633900000)]
  0x000001e9ed045450 JavaThread "Sweeper thread" daemon [_thread_blocked, id=5900, stack(0x000000e633900000,0x000000e633a00000)]
  0x000001e9ecfc5dc0 JavaThread "Common-Cleaner" daemon [_thread_blocked, id=9652, stack(0x000000e633a00000,0x000000e633b00000)]
  0x000001e9edb714c0 JavaThread "Monitor Ctrl-Break" daemon [_thread_in_native, id=9316, stack(0x000000e633b00000,0x000000e633c00000)]
  0x000001e9edad1b90 JavaThread "Notification Thread" daemon [_thread_blocked, id=7680, stack(0x000000e633c00000,0x000000e633d00000)]
  0x000001e9edcdcea0 JavaThread "Java2D Disposer" daemon [_thread_blocked, id=8388, stack(0x000000e633e00000,0x000000e633f00000)]
  0x000001e9edce22c0 JavaThread "AWT-Shutdown" [_thread_blocked, id=4492, stack(0x000000e633f00000,0x000000e634000000)]
  0x000001e9edce58f0 JavaThread "AWT-Windows" daemon [_thread_in_native, id=3144, stack(0x000000e634000000,0x000000e634100000)]
=>0x000001e9ee833c40 JavaThread "AWT-EventQueue-0" [_thread_in_native, id=9056, stack(0x000000e634100000,0x000000e634200000)]
  0x000001e9ccea32c0 JavaThread "DestroyJavaVM" [_thread_blocked, id=2164, stack(0x000000e632b00000,0x000000e632c00000)]

Other Threads:
  0x000001e9ecfde0b0 VMThread "VM Thread" [stack: 0x000000e633100000,0x000000e633200000] [id=12184]
  0x000001e9edb71990 WatcherThread [stack: 0x000000e633d00000,0x000000e633e00000] [id=6540]
  0x000001e9ccee3580 GCTaskThread "GC Thread#0" [stack: 0x000000e632c00000,0x000000e632d00000] [id=84]
  0x000001e9ccef7400 ConcurrentGCThread "G1 Main Marker" [stack: 0x000000e632d00000,0x000000e632e00000] [id=9820]
  0x000001e9ccef7ff0 ConcurrentGCThread "G1 Conc#0" [stack: 0x000000e632e00000,0x000000e632f00000] [id=9900]
  0x000001e9ece60090 ConcurrentGCThread "G1 Refine#0" [stack: 0x000000e632f00000,0x000000e633000000] [id=1924]
  0x000001e9ece60c90 ConcurrentGCThread "G1 Young RemSet Sampling" [stack: 0x000000e633000000,0x000000e633100000] [id=11112]

Threads with active compile tasks:

VM state: not at safepoint (normal execution)

VM Mutex/Monitor currently owned by a thread: None

Heap address: 0x0000000081c00000, size: 2020 MB, Compressed Oops mode: 32-bit
CDS archive(s) mapped at: [0x0000000800000000-0x0000000800b50000-0x0000000800b50000), size 11862016, SharedBaseAddress: 0x0000000800000000, ArchiveRelocationMode: 0.
Compressed class space mapped at: 0x0000000800b50000-0x0000000840b50000, size: 1073741824
Narrow klass base: 0x0000000800000000, Narrow klass shift: 3, Narrow klass range: 0x100000000

GC Precious Log:
 CPUs: 4 total, 4 available
 Memory: 8079M
 Large Page Support: Disabled
 NUMA Support: Disabled
 Compressed Oops: Enabled (32-bit)
 Heap Region Size: 1M
 Heap Min Capacity: 8M
 Heap Initial Capacity: 128M
 Heap Max Capacity: 2020M
 Pre-touch: Disabled
 Parallel Workers: 4
 Concurrent Workers: 1
 Concurrent Refinement Workers: 4
 Periodic GC: Disabled

Heap:
 garbage-first heap   total 131072K, used 6144K [0x0000000081c00000, 0x0000000100000000)
  region size 1024K, 6 young (6144K), 0 survivors (0K)
 Metaspace       used 7247K, capacity 7414K, committed 7552K, reserved 1056768K
  class space    used 789K, capacity 868K, committed 896K, reserved 1048576K

Heap Regions: E=young(eden), S=young(survivor), O=old, HS=humongous(starts), HC=humongous(continues), CS=collection set, F=free, OA=open archive, CA=closed archive, TAMS=top-at-mark-start (previous, next)
|   0|0x0000000081c00000, 0x0000000081d00000, 0x0000000081d00000|100%|HS|  |TAMS 0x0000000081c00000, 0x0000000081c00000| Complete 
|   1|0x0000000081d00000, 0x0000000081d00000, 0x0000000081e00000|  0%| F|  |TAMS 0x0000000081d00000, 0x0000000081d00000| Untracked 
|   2|0x0000000081e00000, 0x0000000081e00000, 0x0000000081f00000|  0%| F|  |TAMS 0x0000000081e00000, 0x0000000081e00000| Untracked 
|   3|0x0000000081f00000, 0x0000000081f00000, 0x0000000082000000|  0%| F|  |TAMS 0x0000000081f00000, 0x0000000081f00000| Untracked 
|   4|0x0000000082000000, 0x0000000082000000, 0x0000000082100000|  0%| F|  |TAMS 0x0000000082000000, 0x0000000082000000| Untracked 
|   5|0x0000000082100000, 0x0000000082100000, 0x0000000082200000|  0%| F|  |TAMS 0x0000000082100000, 0x0000000082100000| Untracked 
|   6|0x0000000082200000, 0x0000000082200000, 0x0000000082300000|  0%| F|  |TAMS 0x0000000082200000, 0x0000000082200000| Untracked 
|   7|0x0000000082300000, 0x0000000082300000, 0x0000000082400000|  0%| F|  |TAMS 0x0000000082300000, 0x0000000082300000| Untracked 
|   8|0x0000000082400000, 0x0000000082400000, 0x0000000082500000|  0%| F|  |TAMS 0x0000000082400000, 0x0000000082400000| Untracked 
|   9|0x0000000082500000, 0x0000000082500000, 0x0000000082600000|  0%| F|  |TAMS 0x0000000082500000, 0x0000000082500000| Untracked 
|  10|0x0000000082600000, 0x0000000082600000, 0x0000000082700000|  0%| F|  |TAMS 0x0000000082600000, 0x0000000082600000| Untracked 
|  11|0x0000000082700000, 0x0000000082700000, 0x0000000082800000|  0%| F|  |TAMS 0x0000000082700000, 0x0000000082700000| Untracked 
|  12|0x0000000082800000, 0x0000000082800000, 0x0000000082900000|  0%| F|  |TAMS 0x0000000082800000, 0x0000000082800000| Untracked 
|  13|0x0000000082900000, 0x0000000082900000, 0x0000000082a00000|  0%| F|  |TAMS 0x0000000082900000, 0x0000000082900000| Untracked 
|  14|0x0000000082a00000, 0x0000000082a00000, 0x0000000082b00000|  0%| F|  |TAMS 0x0000000082a00000, 0x0000000082a00000| Untracked 
|  15|0x0000000082b00000, 0x0000000082b00000, 0x0000000082c00000|  0%| F|  |TAMS 0x0000000082b00000, 0x0000000082b00000| Untracked 
|  16|0x0000000082c00000, 0x0000000082c00000, 0x0000000082d00000|  0%| F|  |TAMS 0x0000000082c00000, 0x0000000082c00000| Untracked 
|  17|0x0000000082d00000, 0x0000000082d00000, 0x0000000082e00000|  0%| F|  |TAMS 0x0000000082d00000, 0x0000000082d00000| Untracked 
|  18|0x0000000082e00000, 0x0000000082e00000, 0x0000000082f00000|  0%| F|  |TAMS 0x0000000082e00000, 0x0000000082e00000| Untracked 
|  19|0x0000000082f00000, 0x0000000082f00000, 0x0000000083000000|  0%| F|  |TAMS 0x0000000082f00000, 0x0000000082f00000| Untracked 
|  20|0x0000000083000000, 0x0000000083000000, 0x0000000083100000|  0%| F|  |TAMS 0x0000000083000000, 0x0000000083000000| Untracked 
|  21|0x0000000083100000, 0x0000000083100000, 0x0000000083200000|  0%| F|  |TAMS 0x0000000083100000, 0x0000000083100000| Untracked 
|  22|0x0000000083200000, 0x0000000083200000, 0x0000000083300000|  0%| F|  |TAMS 0x0000000083200000, 0x0000000083200000| Untracked 
|  23|0x0000000083300000, 0x0000000083300000, 0x0000000083400000|  0%| F|  |TAMS 0x0000000083300000, 0x0000000083300000| Untracked 
|  24|0x0000000083400000, 0x0000000083400000, 0x0000000083500000|  0%| F|  |TAMS 0x0000000083400000, 0x0000000083400000| Untracked 
|  25|0x0000000083500000, 0x0000000083500000, 0x0000000083600000|  0%| F|  |TAMS 0x0000000083500000, 0x0000000083500000| Untracked 
|  26|0x0000000083600000, 0x0000000083600000, 0x0000000083700000|  0%| F|  |TAMS 0x0000000083600000, 0x0000000083600000| Untracked 
|  27|0x0000000083700000, 0x0000000083700000, 0x0000000083800000|  0%| F|  |TAMS 0x0000000083700000, 0x0000000083700000| Untracked 
|  28|0x0000000083800000, 0x0000000083800000, 0x0000000083900000|  0%| F|  |TAMS 0x0000000083800000, 0x0000000083800000| Untracked 
|  29|0x0000000083900000, 0x0000000083900000, 0x0000000083a00000|  0%| F|  |TAMS 0x0000000083900000, 0x0000000083900000| Untracked 
|  30|0x0000000083a00000, 0x0000000083a00000, 0x0000000083b00000|  0%| F|  |TAMS 0x0000000083a00000, 0x0000000083a00000| Untracked 
|  31|0x0000000083b00000, 0x0000000083b00000, 0x0000000083c00000|  0%| F|  |TAMS 0x0000000083b00000, 0x0000000083b00000| Untracked 
|  32|0x0000000083c00000, 0x0000000083c00000, 0x0000000083d00000|  0%| F|  |TAMS 0x0000000083c00000, 0x0000000083c00000| Untracked 
|  33|0x0000000083d00000, 0x0000000083d00000, 0x0000000083e00000|  0%| F|  |TAMS 0x0000000083d00000, 0x0000000083d00000| Untracked 
|  34|0x0000000083e00000, 0x0000000083e00000, 0x0000000083f00000|  0%| F|  |TAMS 0x0000000083e00000, 0x0000000083e00000| Untracked 
|  35|0x0000000083f00000, 0x0000000083f00000, 0x0000000084000000|  0%| F|  |TAMS 0x0000000083f00000, 0x0000000083f00000| Untracked 
|  36|0x0000000084000000, 0x0000000084000000, 0x0000000084100000|  0%| F|  |TAMS 0x0000000084000000, 0x0000000084000000| Untracked 
|  37|0x0000000084100000, 0x0000000084100000, 0x0000000084200000|  0%| F|  |TAMS 0x0000000084100000, 0x0000000084100000| Untracked 
|  38|0x0000000084200000, 0x0000000084200000, 0x0000000084300000|  0%| F|  |TAMS 0x0000000084200000, 0x0000000084200000| Untracked 
|  39|0x0000000084300000, 0x0000000084300000, 0x0000000084400000|  0%| F|  |TAMS 0x0000000084300000, 0x0000000084300000| Untracked 
|  40|0x0000000084400000, 0x0000000084400000, 0x0000000084500000|  0%| F|  |TAMS 0x0000000084400000, 0x0000000084400000| Untracked 
|  41|0x0000000084500000, 0x0000000084500000, 0x0000000084600000|  0%| F|  |TAMS 0x0000000084500000, 0x0000000084500000| Untracked 
|  42|0x0000000084600000, 0x0000000084600000, 0x0000000084700000|  0%| F|  |TAMS 0x0000000084600000, 0x0000000084600000| Untracked 
|  43|0x0000000084700000, 0x0000000084700000, 0x0000000084800000|  0%| F|  |TAMS 0x0000000084700000, 0x0000000084700000| Untracked 
|  44|0x0000000084800000, 0x0000000084800000, 0x0000000084900000|  0%| F|  |TAMS 0x0000000084800000, 0x0000000084800000| Untracked 
|  45|0x0000000084900000, 0x0000000084900000, 0x0000000084a00000|  0%| F|  |TAMS 0x0000000084900000, 0x0000000084900000| Untracked 
|  46|0x0000000084a00000, 0x0000000084a00000, 0x0000000084b00000|  0%| F|  |TAMS 0x0000000084a00000, 0x0000000084a00000| Untracked 
|  47|0x0000000084b00000, 0x0000000084b00000, 0x0000000084c00000|  0%| F|  |TAMS 0x0000000084b00000, 0x0000000084b00000| Untracked 
|  48|0x0000000084c00000, 0x0000000084c00000, 0x0000000084d00000|  0%| F|  |TAMS 0x0000000084c00000, 0x0000000084c00000| Untracked 
|  49|0x0000000084d00000, 0x0000000084d00000, 0x0000000084e00000|  0%| F|  |TAMS 0x0000000084d00000, 0x0000000084d00000| Untracked 
|  50|0x0000000084e00000, 0x0000000084e00000, 0x0000000084f00000|  0%| F|  |TAMS 0x0000000084e00000, 0x0000000084e00000| Untracked 
|  51|0x0000000084f00000, 0x0000000084f00000, 0x0000000085000000|  0%| F|  |TAMS 0x0000000084f00000, 0x0000000084f00000| Untracked 
|  52|0x0000000085000000, 0x0000000085000000, 0x0000000085100000|  0%| F|  |TAMS 0x0000000085000000, 0x0000000085000000| Untracked 
|  53|0x0000000085100000, 0x0000000085100000, 0x0000000085200000|  0%| F|  |TAMS 0x0000000085100000, 0x0000000085100000| Untracked 
|  54|0x0000000085200000, 0x0000000085200000, 0x0000000085300000|  0%| F|  |TAMS 0x0000000085200000, 0x0000000085200000| Untracked 
|  55|0x0000000085300000, 0x0000000085300000, 0x0000000085400000|  0%| F|  |TAMS 0x0000000085300000, 0x0000000085300000| Untracked 
|  56|0x0000000085400000, 0x0000000085400000, 0x0000000085500000|  0%| F|  |TAMS 0x0000000085400000, 0x0000000085400000| Untracked 
|  57|0x0000000085500000, 0x0000000085500000, 0x0000000085600000|  0%| F|  |TAMS 0x0000000085500000, 0x0000000085500000| Untracked 
|  58|0x0000000085600000, 0x0000000085600000, 0x0000000085700000|  0%| F|  |TAMS 0x0000000085600000, 0x0000000085600000| Untracked 
|  59|0x0000000085700000, 0x0000000085700000, 0x0000000085800000|  0%| F|  |TAMS 0x0000000085700000, 0x0000000085700000| Untracked 
|  60|0x0000000085800000, 0x0000000085800000, 0x0000000085900000|  0%| F|  |TAMS 0x0000000085800000, 0x0000000085800000| Untracked 
|  61|0x0000000085900000, 0x0000000085900000, 0x0000000085a00000|  0%| F|  |TAMS 0x0000000085900000, 0x0000000085900000| Untracked 
|  62|0x0000000085a00000, 0x0000000085a00000, 0x0000000085b00000|  0%| F|  |TAMS 0x0000000085a00000, 0x0000000085a00000| Untracked 
|  63|0x0000000085b00000, 0x0000000085b00000, 0x0000000085c00000|  0%| F|  |TAMS 0x0000000085b00000, 0x0000000085b00000| Untracked 
|  64|0x0000000085c00000, 0x0000000085c00000, 0x0000000085d00000|  0%| F|  |TAMS 0x0000000085c00000, 0x0000000085c00000| Untracked 
|  65|0x0000000085d00000, 0x0000000085d00000, 0x0000000085e00000|  0%| F|  |TAMS 0x0000000085d00000, 0x0000000085d00000| Untracked 
|  66|0x0000000085e00000, 0x0000000085e00000, 0x0000000085f00000|  0%| F|  |TAMS 0x0000000085e00000, 0x0000000085e00000| Untracked 
|  67|0x0000000085f00000, 0x0000000085f00000, 0x0000000086000000|  0%| F|  |TAMS 0x0000000085f00000, 0x0000000085f00000| Untracked 
|  68|0x0000000086000000, 0x0000000086000000, 0x0000000086100000|  0%| F|  |TAMS 0x0000000086000000, 0x0000000086000000| Untracked 
|  69|0x0000000086100000, 0x0000000086100000, 0x0000000086200000|  0%| F|  |TAMS 0x0000000086100000, 0x0000000086100000| Untracked 
|  70|0x0000000086200000, 0x0000000086200000, 0x0000000086300000|  0%| F|  |TAMS 0x0000000086200000, 0x0000000086200000| Untracked 
|  71|0x0000000086300000, 0x0000000086300000, 0x0000000086400000|  0%| F|  |TAMS 0x0000000086300000, 0x0000000086300000| Untracked 
|  72|0x0000000086400000, 0x0000000086400000, 0x0000000086500000|  0%| F|  |TAMS 0x0000000086400000, 0x0000000086400000| Untracked 
|  73|0x0000000086500000, 0x0000000086500000, 0x0000000086600000|  0%| F|  |TAMS 0x0000000086500000, 0x0000000086500000| Untracked 
|  74|0x0000000086600000, 0x0000000086600000, 0x0000000086700000|  0%| F|  |TAMS 0x0000000086600000, 0x0000000086600000| Untracked 
|  75|0x0000000086700000, 0x0000000086700000, 0x0000000086800000|  0%| F|  |TAMS 0x0000000086700000, 0x0000000086700000| Untracked 
|  76|0x0000000086800000, 0x0000000086800000, 0x0000000086900000|  0%| F|  |TAMS 0x0000000086800000, 0x0000000086800000| Untracked 
|  77|0x0000000086900000, 0x0000000086900000, 0x0000000086a00000|  0%| F|  |TAMS 0x0000000086900000, 0x0000000086900000| Untracked 
|  78|0x0000000086a00000, 0x0000000086a00000, 0x0000000086b00000|  0%| F|  |TAMS 0x0000000086a00000, 0x0000000086a00000| Untracked 
|  79|0x0000000086b00000, 0x0000000086b00000, 0x0000000086c00000|  0%| F|  |TAMS 0x0000000086b00000, 0x0000000086b00000| Untracked 
|  80|0x0000000086c00000, 0x0000000086c00000, 0x0000000086d00000|  0%| F|  |TAMS 0x0000000086c00000, 0x0000000086c00000| Untracked 
|  81|0x0000000086d00000, 0x0000000086d00000, 0x0000000086e00000|  0%| F|  |TAMS 0x0000000086d00000, 0x0000000086d00000| Untracked 
|  82|0x0000000086e00000, 0x0000000086e00000, 0x0000000086f00000|  0%| F|  |TAMS 0x0000000086e00000, 0x0000000086e00000| Untracked 
|  83|0x0000000086f00000, 0x0000000086f00000, 0x0000000087000000|  0%| F|  |TAMS 0x0000000086f00000, 0x0000000086f00000| Untracked 
|  84|0x0000000087000000, 0x0000000087000000, 0x0000000087100000|  0%| F|  |TAMS 0x0000000087000000, 0x0000000087000000| Untracked 
|  85|0x0000000087100000, 0x0000000087100000, 0x0000000087200000|  0%| F|  |TAMS 0x0000000087100000, 0x0000000087100000| Untracked 
|  86|0x0000000087200000, 0x0000000087200000, 0x0000000087300000|  0%| F|  |TAMS 0x0000000087200000, 0x0000000087200000| Untracked 
|  87|0x0000000087300000, 0x0000000087300000, 0x0000000087400000|  0%| F|  |TAMS 0x0000000087300000, 0x0000000087300000| Untracked 
|  88|0x0000000087400000, 0x0000000087400000, 0x0000000087500000|  0%| F|  |TAMS 0x0000000087400000, 0x0000000087400000| Untracked 
|  89|0x0000000087500000, 0x0000000087500000, 0x0000000087600000|  0%| F|  |TAMS 0x0000000087500000, 0x0000000087500000| Untracked 
|  90|0x0000000087600000, 0x0000000087600000, 0x0000000087700000|  0%| F|  |TAMS 0x0000000087600000, 0x0000000087600000| Untracked 
|  91|0x0000000087700000, 0x0000000087700000, 0x0000000087800000|  0%| F|  |TAMS 0x0000000087700000, 0x0000000087700000| Untracked 
|  92|0x0000000087800000, 0x0000000087800000, 0x0000000087900000|  0%| F|  |TAMS 0x0000000087800000, 0x0000000087800000| Untracked 
|  93|0x0000000087900000, 0x0000000087900000, 0x0000000087a00000|  0%| F|  |TAMS 0x0000000087900000, 0x0000000087900000| Untracked 
|  94|0x0000000087a00000, 0x0000000087a00000, 0x0000000087b00000|  0%| F|  |TAMS 0x0000000087a00000, 0x0000000087a00000| Untracked 
|  95|0x0000000087b00000, 0x0000000087b00000, 0x0000000087c00000|  0%| F|  |TAMS 0x0000000087b00000, 0x0000000087b00000| Untracked 
|  96|0x0000000087c00000, 0x0000000087c00000, 0x0000000087d00000|  0%| F|  |TAMS 0x0000000087c00000, 0x0000000087c00000| Untracked 
|  97|0x0000000087d00000, 0x0000000087d00000, 0x0000000087e00000|  0%| F|  |TAMS 0x0000000087d00000, 0x0000000087d00000| Untracked 
|  98|0x0000000087e00000, 0x0000000087e00000, 0x0000000087f00000|  0%| F|  |TAMS 0x0000000087e00000, 0x0000000087e00000| Untracked 
|  99|0x0000000087f00000, 0x0000000087f00000, 0x0000000088000000|  0%| F|  |TAMS 0x0000000087f00000, 0x0000000087f00000| Untracked 
| 100|0x0000000088000000, 0x0000000088000000, 0x0000000088100000|  0%| F|  |TAMS 0x0000000088000000, 0x0000000088000000| Untracked 
| 101|0x0000000088100000, 0x0000000088100000, 0x0000000088200000|  0%| F|  |TAMS 0x0000000088100000, 0x0000000088100000| Untracked 
| 102|0x0000000088200000, 0x0000000088200000, 0x0000000088300000|  0%| F|  |TAMS 0x0000000088200000, 0x0000000088200000| Untracked 
| 103|0x0000000088300000, 0x0000000088300000, 0x0000000088400000|  0%| F|  |TAMS 0x0000000088300000, 0x0000000088300000| Untracked 
| 104|0x0000000088400000, 0x0000000088400000, 0x0000000088500000|  0%| F|  |TAMS 0x0000000088400000, 0x0000000088400000| Untracked 
| 105|0x0000000088500000, 0x0000000088500000, 0x0000000088600000|  0%| F|  |TAMS 0x0000000088500000, 0x0000000088500000| Untracked 
| 106|0x0000000088600000, 0x0000000088600000, 0x0000000088700000|  0%| F|  |TAMS 0x0000000088600000, 0x0000000088600000| Untracked 
| 107|0x0000000088700000, 0x0000000088700000, 0x0000000088800000|  0%| F|  |TAMS 0x0000000088700000, 0x0000000088700000| Untracked 
| 108|0x0000000088800000, 0x0000000088800000, 0x0000000088900000|  0%| F|  |TAMS 0x0000000088800000, 0x0000000088800000| Untracked 
| 109|0x0000000088900000, 0x0000000088900000, 0x0000000088a00000|  0%| F|  |TAMS 0x0000000088900000, 0x0000000088900000| Untracked 
| 110|0x0000000088a00000, 0x0000000088a00000, 0x0000000088b00000|  0%| F|  |TAMS 0x0000000088a00000, 0x0000000088a00000| Untracked 
| 111|0x0000000088b00000, 0x0000000088b00000, 0x0000000088c00000|  0%| F|  |TAMS 0x0000000088b00000, 0x0000000088b00000| Untracked 
| 112|0x0000000088c00000, 0x0000000088c00000, 0x0000000088d00000|  0%| F|  |TAMS 0x0000000088c00000, 0x0000000088c00000| Untracked 
| 113|0x0000000088d00000, 0x0000000088d00000, 0x0000000088e00000|  0%| F|  |TAMS 0x0000000088d00000, 0x0000000088d00000| Untracked 
| 114|0x0000000088e00000, 0x0000000088e00000, 0x0000000088f00000|  0%| F|  |TAMS 0x0000000088e00000, 0x0000000088e00000| Untracked 
| 115|0x0000000088f00000, 0x0000000088f00000, 0x0000000089000000|  0%| F|  |TAMS 0x0000000088f00000, 0x0000000088f00000| Untracked 
| 116|0x0000000089000000, 0x0000000089000000, 0x0000000089100000|  0%| F|  |TAMS 0x0000000089000000, 0x0000000089000000| Untracked 
| 117|0x0000000089100000, 0x0000000089100000, 0x0000000089200000|  0%| F|  |TAMS 0x0000000089100000, 0x0000000089100000| Untracked 
| 118|0x0000000089200000, 0x0000000089200000, 0x0000000089300000|  0%| F|  |TAMS 0x0000000089200000, 0x0000000089200000| Untracked 
| 119|0x0000000089300000, 0x0000000089300000, 0x0000000089400000|  0%| F|  |TAMS 0x0000000089300000, 0x0000000089300000| Untracked 
| 120|0x0000000089400000, 0x0000000089400000, 0x0000000089500000|  0%| F|  |TAMS 0x0000000089400000, 0x0000000089400000| Untracked 
| 121|0x0000000089500000, 0x0000000089500000, 0x0000000089600000|  0%| F|  |TAMS 0x0000000089500000, 0x0000000089500000| Untracked 
| 122|0x0000000089600000, 0x0000000089700000, 0x0000000089700000|100%| E|  |TAMS 0x0000000089600000, 0x0000000089600000| Complete 
| 123|0x0000000089700000, 0x0000000089800000, 0x0000000089800000|100%| E|CS|TAMS 0x0000000089700000, 0x0000000089700000| Complete 
| 124|0x0000000089800000, 0x0000000089900000, 0x0000000089900000|100%| E|CS|TAMS 0x0000000089800000, 0x0000000089800000| Complete 
| 125|0x0000000089900000, 0x0000000089a00000, 0x0000000089a00000|100%| E|CS|TAMS 0x0000000089900000, 0x0000000089900000| Complete 
| 126|0x0000000089a00000, 0x0000000089b00000, 0x0000000089b00000|100%| E|CS|TAMS 0x0000000089a00000, 0x0000000089a00000| Complete 
| 127|0x0000000089b00000, 0x0000000089c00000, 0x0000000089c00000|100%| E|CS|TAMS 0x0000000089b00000, 0x0000000089b00000| Complete 

Card table byte_map: [0x000001e9e62f0000,0x000001e9e66f0000] _byte_map_base: 0x000001e9e5ee2000

Marking Bits (Prev, Next): (CMBitMap*) 0x000001e9ccee5e10, (CMBitMap*) 0x000001e9ccee5e50
 Prev Bits: [0x000001e9e6af0000, 0x000001e9e8a80000)
 Next Bits: [0x000001e9e8a80000, 0x000001e9eaa10000)

Polling page: 0x000001e9ccd50000

Metaspace:

Usage:
  Non-class:      6.39 MB capacity,     6.31 MB ( 99%) used,    78.52 KB (  1%) free+waste,     9.94 KB ( <1%) overhead. 
      Class:    868.00 KB capacity,   789.73 KB ( 91%) used,    73.64 KB (  8%) free+waste,     4.63 KB ( <1%) overhead. 
       Both:      7.24 MB capacity,     7.08 MB ( 98%) used,   152.16 KB (  2%) free+waste,    14.56 KB ( <1%) overhead. 

Virtual space:
  Non-class space:        8.00 MB reserved,       6.50 MB ( 81%) committed 
      Class space:        1.00 GB reserved,     896.00 KB ( <1%) committed 
             Both:        1.01 GB reserved,       7.38 MB ( <1%) committed 

Chunk freelists:
   Non-Class:  46.00 KB
       Class:  28.00 KB
        Both:  74.00 KB

MaxMetaspaceSize: 17179869184.00 GB
CompressedClassSpaceSize: 1.00 GB

CodeHeap 'non-profiled nmethods': size=120000Kb used=204Kb max_used=204Kb free=119795Kb
 bounds [0x000001e9de3a0000, 0x000001e9de610000, 0x000001e9e58d0000]
CodeHeap 'profiled nmethods': size=120000Kb used=962Kb max_used=962Kb free=119037Kb
 bounds [0x000001e9d6e70000, 0x000001e9d70e0000, 0x000001e9de3a0000]
CodeHeap 'non-nmethods': size=5760Kb used=1267Kb max_used=1271Kb free=4493Kb
 bounds [0x000001e9d68d0000, 0x000001e9d6b40000, 0x000001e9d6e70000]
 total_blobs=1263 nmethods=708 adapters=468
 compilation: enabled
              stopped_count=0, restarted_count=0
 full_count=0

Compilation events (20 events):
Event: 0.949 Thread 0x000001e9ed004e00  700       3       sun.awt.AWTAccessor::getComponentAccessor (15 bytes)
Event: 0.949 Thread 0x000001e9ed004e00 nmethod 700 0x000001e9d6f59c90 code [0x000001e9d6f59e80, 0x000001e9d6f5a228]
Event: 0.949 Thread 0x000001e9ed004e00  701  s    3       java.util.Hashtable::get (69 bytes)
Event: 0.949 Thread 0x000001e9ed004e00 nmethod 701 0x000001e9d6f5a410 code [0x000001e9d6f5a5e0, 0x000001e9d6f5ab18]
Event: 0.956 Thread 0x000001e9ed004e00  702       3       sun.awt.AWTAutoShutdown::getInstance (4 bytes)
Event: 0.956 Thread 0x000001e9ed004e00 nmethod 702 0x000001e9d6f5ad10 code [0x000001e9d6f5aea0, 0x000001e9d6f5af98]
Event: 0.972 Thread 0x000001e9ed004e00  703       3       java.awt.Component::isLightweight (8 bytes)
Event: 0.973 Thread 0x000001e9ed004e00 nmethod 703 0x000001e9d6f5b010 code [0x000001e9d6f5b1a0, 0x000001e9d6f5b3d8]
Event: 0.989 Thread 0x000001e9ed004e00  704       3       sun.awt.AWTAutoShutdown::isReadyToShutdown (37 bytes)
Event: 0.989 Thread 0x000001e9ed004e00 nmethod 704 0x000001e9d6f5b490 code [0x000001e9d6f5b640, 0x000001e9d6f5b9b8]
Event: 0.997 Thread 0x000001e9ed004e00  705       3       java.util.IdentityHashMap::isEmpty (13 bytes)
Event: 0.997 Thread 0x000001e9ed004e00 nmethod 705 0x000001e9d6f5ba90 code [0x000001e9d6f5bc20, 0x000001e9d6f5bd78]
Event: 1.229 Thread 0x000001e9ed004e00  706       3       java.security.AccessControlContext::optimize (319 bytes)
Event: 1.230 Thread 0x000001e9ed004e00 nmethod 706 0x000001e9d6f5be10 code [0x000001e9d6f5c180, 0x000001e9d6f5d698]
Event: 1.230 Thread 0x000001e9ed004e00  707       3       sun.awt.SunToolkit::targetToAppContext (30 bytes)
Event: 1.230 Thread 0x000001e9ed004e00 nmethod 707 0x000001e9d6f5dd10 code [0x000001e9d6f5dee0, 0x000001e9d6f5e3b8]
Event: 1.230 Thread 0x000001e9ed004e00  708       3       sun.awt.SunToolkit::getAppContext (42 bytes)
Event: 1.230 Thread 0x000001e9ed004e00 nmethod 708 0x000001e9d6f5e590 code [0x000001e9d6f5e820, 0x000001e9d6f5f508]
Event: 1.230 Thread 0x000001e9ed004e00  709       3       java.lang.StringConcatHelper::newString (67 bytes)
Event: 1.231 Thread 0x000001e9ed004e00 nmethod 709 0x000001e9d6f5f910 code [0x000001e9d6f5fb80, 0x000001e9d6f605c8]

GC Heap History (0 events):
No events

Deoptimization events (8 events):
Event: 0.251 Thread 0x000001e9edce58f0 Uncommon trap: trap_request=0xffffff45 fr.pc=0x000001e9de3adf28 relative=0x00000000000008c8
Event: 0.251 Thread 0x000001e9edce58f0 Uncommon trap: reason=unstable_if action=reinterpret pc=0x000001e9de3adf28 method=java.util.HashMap.putVal(ILjava/lang/Object;Ljava/lang/Object;ZZ)Ljava/lang/Object; @ 181 c2
Event: 0.251 Thread 0x000001e9edce58f0 DEOPT PACKING pc=0x000001e9de3adf28 sp=0x000000e6340fdd60
Event: 0.251 Thread 0x000001e9edce58f0 DEOPT UNPACKING pc=0x000001e9d691e42f sp=0x000000e6340fdd00 mode 2
Event: 0.276 Thread 0x000001e9ccea32c0 Uncommon trap: trap_request=0xffffff45 fr.pc=0x000001e9de3a7a58 relative=0x0000000000000058
Event: 0.276 Thread 0x000001e9ccea32c0 Uncommon trap: reason=unstable_if action=reinterpret pc=0x000001e9de3a7a58 method=java.lang.String.isLatin1()Z @ 10 c2
Event: 0.276 Thread 0x000001e9ccea32c0 DEOPT PACKING pc=0x000001e9de3a7a58 sp=0x000000e632bfd1d0
Event: 0.276 Thread 0x000001e9ccea32c0 DEOPT UNPACKING pc=0x000001e9d691e42f sp=0x000000e632bfd160 mode 2

Classes unloaded (0 events):
No events

Classes redefined (0 events):
No events

Internal exceptions (13 events):
Event: 0.128 Thread 0x000001e9edb714c0 Exception <a 'java/lang/NoSuchMethodError'{0x0000000089ad0c80}: 'java.lang.Object java.lang.invoke.DirectMethodHandle$Holder.invokeStatic(java.lang.Object)'> (0x0000000089ad0c80) 
thrown [./open/src/hotspot/share/interpreter/linkResolver.cpp, line 782]
Event: 0.129 Thread 0x000001e9edb714c0 Exception <a 'java/lang/NoSuchMethodError'{0x0000000089ad4590}: 'java.lang.Object java.lang.invoke.DirectMethodHandle$Holder.invokeStaticInit(java.lang.Object)'> (0x0000000089ad4590) 
thrown [./open/src/hotspot/share/interpreter/linkResolver.cpp, line 782]
Event: 0.131 Thread 0x000001e9ccea32c0 Exception <a 'java/lang/NoSuchMethodError'{0x0000000089aacf20}: 'void java.lang.invoke.DirectMethodHandle$Holder.invokeSpecial(java.lang.Object, java.lang.Object, java.lang.Object)'> (0x0000000089aacf20) 
thrown [./open/src/hotspot/share/interpreter/linkResolver.cpp, line 782]
Event: 0.133 Thread 0x000001e9edb714c0 Exception <a 'java/lang/NoSuchMethodError'{0x0000000089ae1980}: 'void java.lang.invoke.DirectMethodHandle$Holder.invokeStatic(java.lang.Object, java.lang.Object)'> (0x0000000089ae1980) 
thrown [./open/src/hotspot/share/interpreter/linkResolver.cpp, line 782]
Event: 0.138 Thread 0x000001e9ccea32c0 Exception <a 'java/lang/ClassNotFoundException'{0x0000000089ac3e30}: sun/awt/resources/spi/awtProvider> (0x0000000089ac3e30) 
thrown [./open/src/hotspot/share/classfile/systemDictionary.cpp, line 295]
Event: 0.155 Thread 0x000001e9ccea32c0 Exception <a 'java/io/FileNotFoundException'{0x00000000899535f8}> (0x00000000899535f8) 
thrown [./open/src/hotspot/share/prims/jni.cpp, line 578]
Event: 0.161 Thread 0x000001e9ccea32c0 Exception <a 'java/io/FileNotFoundException'{0x0000000089982060}> (0x0000000089982060) 
thrown [./open/src/hotspot/share/prims/jni.cpp, line 578]
Event: 0.218 Thread 0x000001e9ccea32c0 Exception <a 'java/lang/NoSuchMethodError'{0x00000000898724c0}: 'java.lang.Object java.lang.invoke.DirectMethodHandle$Holder.newInvokeSpecial(java.lang.Object, java.lang.Object, java.lang.Object, java.lang.Object, java.lang.Object)'> (0x00000000898724c0) 
thrown [./open/src/hotspot/share/interpreter/linkResolver.cpp, line 782]
Event: 0.219 Thread 0x000001e9ccea32c0 Exception <a 'java/lang/NoSuchMethodError'{0x000000008987df50}: 'java.lang.Object java.lang.invoke.DirectMethodHandle$Holder.invokeStatic(java.lang.Object, int, java.lang.Object, java.lang.Object, java.lang.Object, java.lang.Object)'> (0x000000008987df50) 
thrown [./open/src/hotspot/share/interpreter/linkResolver.cpp, line 782]
Event: 0.222 Thread 0x000001e9ccea32c0 Exception <a 'java/lang/NoSuchMethodError'{0x00000000898a4440}: 'java.lang.Object java.lang.invoke.DirectMethodHandle$Holder.invokeStatic(java.lang.Object, int, java.lang.Object)'> (0x00000000898a4440) 
thrown [./open/src/hotspot/share/interpreter/linkResolver.cpp, line 782]
Event: 0.241 Thread 0x000001e9ccea32c0 Exception <a 'java/lang/ClassNotFoundException'{0x000000008975cb88}: com/sun/swing/internal/plaf/metal/resources/spi/metalProvider> (0x000000008975cb88) 
thrown [./open/src/hotspot/share/classfile/systemDictionary.cpp, line 295]
Event: 0.241 Thread 0x000001e9ccea32c0 Exception <a 'java/lang/ClassNotFoundException'{0x0000000089760e38}: com/sun/swing/internal/plaf/basic/resources/spi/basicProvider> (0x0000000089760e38) 
thrown [./open/src/hotspot/share/classfile/systemDictionary.cpp, line 295]
Event: 0.266 Thread 0x000001e9ccea32c0 Exception <a 'java/lang/NoSuchMethodError'{0x00000000897e1d98}: 'void java.lang.invoke.DirectMethodHandle$Holder.invokeStaticInit(java.lang.Object)'> (0x00000000897e1d98) 
thrown [./open/src/hotspot/share/interpreter/linkResolver.cpp, line 782]

Events (20 events):
Event: 0.350 loading class java/awt/Toolkit$SelectiveAWTEventListener
Event: 0.350 loading class java/awt/Toolkit$SelectiveAWTEventListener done
Event: 0.350 loading class java/awt/Toolkit$ToolkitEventMulticaster
Event: 0.350 loading class java/awt/Toolkit$ToolkitEventMulticaster done
Event: 0.351 loading class java/awt/event/MouseWheelEvent
Event: 0.351 loading class java/awt/event/MouseWheelEvent done
Event: 0.351 loading class java/util/concurrent/locks/AbstractQueuedSynchronizer$ConditionNode
Event: 0.351 loading class java/util/concurrent/ForkJoinPool$ManagedBlocker
Event: 0.351 loading class java/util/concurrent/ForkJoinPool$ManagedBlocker done
Event: 0.351 loading class java/util/concurrent/locks/AbstractQueuedSynchronizer$Node
Event: 0.351 loading class java/util/concurrent/locks/AbstractQueuedSynchronizer$Node done
Event: 0.351 loading class java/util/concurrent/locks/AbstractQueuedSynchronizer$ConditionNode done
Event: 0.908 loading class java/util/concurrent/locks/AbstractQueuedSynchronizer$ExclusiveNode
Event: 0.908 loading class java/util/concurrent/locks/AbstractQueuedSynchronizer$ExclusiveNode done
Event: 0.933 loading class java/awt/event/ContainerEvent
Event: 0.933 loading class java/awt/event/ContainerEvent done
Event: 0.933 loading class javax/swing/event/ChangeEvent
Event: 0.933 loading class javax/swing/event/ChangeEvent done
Event: 1.282 Executing VM operation: HandshakeAllThreads
Event: 1.282 Executing VM operation: HandshakeAllThreads done


Dynamic libraries:
0x00007ff63bc20000 - 0x00007ff63bc2d000 	C:\Users\epr2\.jdks\openjdk-15.0.1\bin\java.exe
0x00007fff11460000 - 0x00007fff1164d000 	C:\windows\SYSTEM32\ntdll.dll
0x00007fff0eea0000 - 0x00007fff0ef53000 	C:\windows\System32\KERNEL32.DLL
0x00007fff0de30000 - 0x00007fff0e0c5000 	C:\windows\System32\KERNELBASE.dll
0x00007fff0e560000 - 0x00007fff0e65a000 	C:\windows\System32\ucrtbase.dll
0x00007fff07f30000 - 0x00007fff07f49000 	C:\Users\epr2\.jdks\openjdk-15.0.1\bin\VCRUNTIME140.dll
0x00007fff09db0000 - 0x00007fff09dc8000 	C:\Users\epr2\.jdks\openjdk-15.0.1\bin\jli.dll
0x00007fff0e960000 - 0x00007fff0eaf7000 	C:\windows\System32\USER32.dll
0x00007fff0dd70000 - 0x00007fff0dd90000 	C:\windows\System32\win32u.dll
0x00007ffefdf80000 - 0x00007ffefe1f9000 	C:\windows\WinSxS\amd64_microsoft.windows.common-controls_6595b64144ccf1df_6.0.17763.1518_none_de6e2bd0534e2567\COMCTL32.dll
0x00007fff0f2f0000 - 0x00007fff0f319000 	C:\windows\System32\GDI32.dll
0x00007fff0ebe0000 - 0x00007fff0ec7e000 	C:\windows\System32\msvcrt.dll
0x00007fff0e330000 - 0x00007fff0e4cc000 	C:\windows\System32\gdi32full.dll
0x00007fff10b50000 - 0x00007fff10e7d000 	C:\windows\System32\combase.dll
0x00007fff0dd90000 - 0x00007fff0de30000 	C:\windows\System32\msvcp_win.dll
0x00007fff11300000 - 0x00007fff11422000 	C:\windows\System32\RPCRT4.dll
0x00007fff0e0d0000 - 0x00007fff0e14e000 	C:\windows\System32\bcryptPrimitives.dll
0x00007fff0edb0000 - 0x00007fff0edde000 	C:\windows\System32\IMM32.DLL
0x00007fff022b0000 - 0x00007fff022bc000 	C:\Users\epr2\.jdks\openjdk-15.0.1\bin\vcruntime140_1.dll
0x00007ffefdba0000 - 0x00007ffefdc31000 	C:\Users\epr2\.jdks\openjdk-15.0.1\bin\msvcp140.dll
0x00007ffec54d0000 - 0x00007ffec602e000 	C:\Users\epr2\.jdks\openjdk-15.0.1\bin\server\jvm.dll
0x00007fff0ede0000 - 0x00007fff0ee83000 	C:\windows\System32\ADVAPI32.dll
0x00007fff0e8c0000 - 0x00007fff0e95e000 	C:\windows\System32\sechost.dll
0x00007fff0f1b0000 - 0x00007fff0f1b8000 	C:\windows\System32\PSAPI.DLL
0x00007fff022a0000 - 0x00007fff022a9000 	C:\windows\SYSTEM32\WSOCK32.dll
0x00007ffef1240000 - 0x00007ffef1264000 	C:\windows\SYSTEM32\WINMM.dll
0x00007fff0f140000 - 0x00007fff0f1ad000 	C:\windows\System32\WS2_32.dll
0x00007ffef1210000 - 0x00007ffef123d000 	C:\windows\SYSTEM32\WINMMBASE.dll
0x00007fff0dd20000 - 0x00007fff0dd6a000 	C:\windows\System32\cfgmgr32.dll
0x00007fff06f50000 - 0x00007fff06f5a000 	C:\windows\SYSTEM32\VERSION.dll
0x00007fff0d490000 - 0x00007fff0d4a1000 	C:\windows\System32\kernel.appcore.dll
0x00007fff01590000 - 0x00007fff0159a000 	C:\Users\epr2\.jdks\openjdk-15.0.1\bin\jimage.dll
0x00007fff06ce0000 - 0x00007fff06ecd000 	C:\windows\SYSTEM32\DBGHELP.DLL
0x00007fff06cb0000 - 0x00007fff06cda000 	C:\windows\SYSTEM32\dbgcore.DLL
0x00007fff01580000 - 0x00007fff0158e000 	C:\Users\epr2\.jdks\openjdk-15.0.1\bin\instrument.dll
0x00007ffefbba0000 - 0x00007ffefbbc5000 	C:\Users\epr2\.jdks\openjdk-15.0.1\bin\java.dll
0x00007fff0f430000 - 0x00007fff10929000 	C:\windows\System32\SHELL32.dll
0x00007fff0ed00000 - 0x00007fff0eda8000 	C:\windows\System32\shcore.dll
0x00007fff0d5c0000 - 0x00007fff0dd12000 	C:\windows\System32\windows.storage.dll
0x00007fff0d440000 - 0x00007fff0d464000 	C:\windows\System32\profapi.dll
0x00007fff0d4b0000 - 0x00007fff0d50d000 	C:\windows\System32\powrprof.dll
0x00007fff0f320000 - 0x00007fff0f372000 	C:\windows\System32\shlwapi.dll
0x00007fff0e660000 - 0x00007fff0e677000 	C:\windows\System32\cryptsp.dll
0x00007fff00400000 - 0x00007fff00418000 	C:\Users\epr2\.jdks\openjdk-15.0.1\bin\zip.dll
0x00007fff013b0000 - 0x00007fff013c9000 	C:\Users\epr2\.jdks\openjdk-15.0.1\bin\net.dll
0x00007fff08450000 - 0x00007fff08544000 	C:\windows\SYSTEM32\WINHTTP.dll
0x00007fff0cc00000 - 0x00007fff0cc67000 	C:\windows\system32\mswsock.dll
0x00007fff004e0000 - 0x00007fff004f2000 	C:\Users\epr2\.jdks\openjdk-15.0.1\bin\nio.dll
0x00007ffeff1f0000 - 0x00007ffeff20a000 	C:\Users\epr2\AppData\Local\JetBrains\IntelliJ IDEA Community Edition 2020.2.3\bin\breakgen64.dll
0x00007ffed4390000 - 0x00007ffed450f000 	C:\Users\epr2\.jdks\openjdk-15.0.1\bin\awt.dll
0x00007fff0e680000 - 0x00007fff0e744000 	C:\windows\System32\OLEAUT32.dll
0x00007fff0b280000 - 0x00007fff0b30c000 	C:\windows\SYSTEM32\apphelp.dll
0x00007fff0ba00000 - 0x00007fff0ba2e000 	C:\windows\system32\DWMAPI.DLL
0x00007fff0e150000 - 0x00007fff0e32c000 	C:\windows\System32\CRYPT32.dll
0x00007fff0d470000 - 0x00007fff0d482000 	C:\windows\System32\MSASN1.dll
0x00007fff0b5e0000 - 0x00007fff0b67c000 	C:\windows\system32\uxtheme.dll
0x00007ffefaba0000 - 0x00007ffefacc7000 	C:\windows\system32\opengl32.dll
0x00007ffeff310000 - 0x00007ffeff33c000 	C:\windows\SYSTEM32\GLU32.dll
0x00007fff0e750000 - 0x00007fff0e8bb000 	C:\windows\System32\MSCTF.dll
0x00007fff0efe0000 - 0x00007fff0f136000 	C:\windows\System32\ole32.dll
0x00007ffee2420000 - 0x00007ffee24a5000 	C:\Users\epr2\.jdks\openjdk-15.0.1\bin\freetype.dll
0x00007ffee1be0000 - 0x00007ffee1c89000 	C:\Users\epr2\.jdks\openjdk-15.0.1\bin\fontmanager.dll
0x00007fff015a0000 - 0x00007fff01635000 	C:\windows\System32\TextInputFramework.dll
0x00007fff0b070000 - 0x00007fff0b152000 	C:\windows\System32\CoreMessaging.dll
0x00007ffeeeb00000 - 0x00007ffeeee22000 	C:\windows\System32\CoreUIComponents.dll
0x00007fff0c410000 - 0x00007fff0c441000 	C:\windows\SYSTEM32\ntmarta.dll
0x00007fff07b40000 - 0x00007fff07c93000 	C:\windows\SYSTEM32\wintypes.dll
0x00007fff01570000 - 0x00007fff01580000 	C:\Users\epr2\.jdks\openjdk-15.0.1\bin\verify.dll
0x0000000071100000 - 0x0000000071125000 	C:\Users\epr2\.jssc\windows\jSSC-2.8_x86_64.dll

dbghelp: loaded successfully - version: 4.0.5 - missing functions: none
symbol engine: initialized successfully - sym options: 0x614 - pdb path: .;C:\Users\epr2\.jdks\openjdk-15.0.1\bin;C:\windows\SYSTEM32;C:\windows\WinSxS\amd64_microsoft.windows.common-controls_6595b64144ccf1df_6.0.17763.1518_none_de6e2bd0534e2567;C:\Users\epr2\.jdks\openjdk-15.0.1\bin\server;C:\Users\epr2\AppData\Local\JetBrains\IntelliJ IDEA Community Edition 2020.2.3\bin;C:\Users\epr2\.jssc\windows

VM Arguments:
jvm_args: -javaagent:C:\Users\epr2\AppData\Local\JetBrains\IntelliJ IDEA Community Edition 2020.2.3\lib\idea_rt.jar=59077:C:\Users\epr2\AppData\Local\JetBrains\IntelliJ IDEA Community Edition 2020.2.3\bin -Dfile.encoding=UTF-8 
java_command: edu.tpu.dar.ruban.Main
java_class_path (initial): C:\Users\epr2\IdeaProjects\BlePositionigApp\out\production\BlePositionigApp;C:\Users\epr2\.m2\repository\org\scream3r\jssc\2.8.0\jssc-2.8.0.jar;C:\Users\epr2\.m2\repository\com\fazecast\jSerialComm\2.6.2\jSerialComm-2.6.2.jar
Launcher Type: SUN_STANDARD

[Global flags]
     intx CICompilerCount                          = 3                                         {product} {ergonomic}
     uint ConcGCThreads                            = 1                                         {product} {ergonomic}
     uint G1ConcRefinementThreads                  = 4                                         {product} {ergonomic}
   size_t G1HeapRegionSize                         = 1048576                                   {product} {ergonomic}
    uintx GCDrainStackTargetSize                   = 64                                        {product} {ergonomic}
   size_t InitialHeapSize                          = 134217728                                 {product} {ergonomic}
   size_t MarkStackSize                            = 4194304                                   {product} {ergonomic}
   size_t MaxHeapSize                              = 2118123520                                {product} {ergonomic}
   size_t MaxNewSize                               = 1270874112                                {product} {ergonomic}
   size_t MinHeapDeltaBytes                        = 1048576                                   {product} {ergonomic}
   size_t MinHeapSize                              = 8388608                                   {product} {ergonomic}
    uintx NonNMethodCodeHeapSize                   = 5832780                                {pd product} {ergonomic}
    uintx NonProfiledCodeHeapSize                  = 122912730                              {pd product} {ergonomic}
    uintx ProfiledCodeHeapSize                     = 122912730                              {pd product} {ergonomic}
    uintx ReservedCodeCacheSize                    = 251658240                              {pd product} {ergonomic}
     bool SegmentedCodeCache                       = true                                      {product} {ergonomic}
   size_t SoftMaxHeapSize                          = 2118123520                             {manageable} {ergonomic}
     bool UseCompressedClassPointers               = true                                 {lp64_product} {ergonomic}
     bool UseCompressedOops                        = true                                 {lp64_product} {ergonomic}
     bool UseG1GC                                  = true                                      {product} {ergonomic}
     bool UseLargePagesIndividualAllocation        = false                                  {pd product} {ergonomic}

Logging:
Log output configuration:
 #0: stdout all=warning uptime,level,tags
 #1: stderr all=off uptime,level,tags

Environment Variables:
JAVA_HOME=C:\Programs\Amazon\Corretto\jre8\64
PATH=C:\windows\system32;C:\windows;C:\windows\System32\Wbem;C:\windows\System32\WindowsPowerShell\v1.0\;C:\windows\System32\OpenSSH\;C:\Program Files\MATLAB\R2017b\runtime\win64;C:\Program Files\MATLAB\R2017b\bin;C:\windows\system32\config\systemprofile\.dnx\bin;C:\Program Files\Microsoft DNX\Dnvm\;C:\Program Files\Microsoft SQL Server\120\Tools\Binn\;C:\Program Files (x86)\Windows Kits\10\Windows Performance Toolkit\;C:\Program Files (x86)\nodejs\;C:\Program Files\Git\cmd;C:\Program Files (x86)\Microsoft Emulator Manager\1.0\;C:\Programs\Amazon\Corretto\jre8\64\bin;C:\Program Files\CMake\bin;C:\Users\epr2\AppData\Local\Microsoft\WindowsApps;;C:\Users\epr2\AppData\Local\Programs\Microsoft VS Code\bin;C:\Users\epr2\AppData\Local\JetBrains\IntelliJ IDEA Community Edition 2020.2.3\bin;
USERNAME=epr2
OS=Windows_NT
PROCESSOR_IDENTIFIER=Intel64 Family 6 Model 158 Stepping 9, GenuineIntel



---------------  S Y S T E M  ---------------

OS:
 Windows 10 , 64 bit Build 17763 (10.0.17763.475)
OS uptime: 0 days 21:18 hours
HyperV virtualization detected

CPU: total 4 (initial active 4) (4 cores per cpu, 1 threads per core) family 6 model 158 stepping 9 microcode 0xb4, cmov, cx8, fxsr, mmx, sse, sse2, sse3, ssse3, sse4.1, sse4.2, popcnt, vzeroupper, avx, avx2, aes, clmul, erms, rtm, 3dnowpref, lzcnt, tsc, tscinvbit, bmi1, bmi2, adx, fma, clflush, clflushopt

Memory: 4k page, system-wide physical 8079M (2581M free)
TotalPageFile size 12943M (AvailPageFile size 5638M)
current process WorkingSet (physical memory assigned to process): 54M, peak: 54M
current process commit charge ("private bytes"): 213M, peak: 213M

vm_info: OpenJDK 64-Bit Server VM (15.0.1+9-18) for windows-amd64 JRE (15.0.1+9-18), built on Sep 15 2020 14:39:31 by "mach5one" with unknown MS VC++:1925

END.
