#
# A fatal error has been detected by the Java Runtime Environment:
#
#  EXCEPTION_ACCESS_VIOLATION (0xc0000005) at pc=0x000000007110b5db, pid=11984, tid=4468
#
# JRE version: OpenJDK Runtime Environment (15.0.1+9) (build 15.0.1+9-18)
# Java VM: OpenJDK 64-Bit Server VM (15.0.1+9-18, mixed mode, sharing, tiered, compressed oops, g1 gc, windows-amd64)
# Problematic frame:
# C  [jSSC-2.8_x86_64.dll+0xb5db]
#
# No core dump will be written. Minidumps are not enabled by default on client versions of Windows
#
# If you would like to submit a bug report, please visit:
#   https://bugreport.java.com/bugreport/crash.jsp
# The crash happened outside the Java Virtual Machine in native code.
# See problematic frame for where to report the bug.
#

---------------  S U M M A R Y ------------

Command Line: -agentlib:jdwp=transport=dt_socket,address=127.0.0.1:58750,suspend=y,server=n -javaagent:C:\Users\epr2\AppData\Local\JetBrains\IdeaIC2020.2\captureAgent\debugger-agent.jar -Dfile.encoding=UTF-8 edu.tpu.dar.ruban.Main

Host: Intel(R) Core(TM) i5-7500 CPU @ 3.40GHz, 4 cores, 7G,  Windows 10 , 64 bit Build 17763 (10.0.17763.475)
Time: Fri Nov  6 19:09:32 2020 Oiine (ceia) elapsed time: 0.242113 seconds (0d 0h 0m 0s)

---------------  T H R E A D  ---------------

Current thread (0x0000015975f35cc0):  JavaThread "main" [_thread_in_native, id=4468, stack(0x0000003551800000,0x0000003551900000)]

Stack: [0x0000003551800000,0x0000003551900000],  sp=0x00000035518ff0f0,  free space=1020k
Native frames: (J=compiled Java code, j=interpreted, Vv=VM code, C=native code)
C  [jSSC-2.8_x86_64.dll+0xb5db]

Java frames: (J=compiled Java code, j=interpreted, Vv=VM code)
j  jssc.SerialNativeInterface.openPort(Ljava/lang/String;Z)J+0
j  jssc.SerialPort.openPort()Z+65
j  edu.tpu.dar.ruban.ComRead.<init>(I)V+25
j  edu.tpu.dar.ruban.Main.main([Ljava/lang/String;)V+5
v  ~StubRoutines::call_stub

siginfo: EXCEPTION_ACCESS_VIOLATION (0xc0000005), reading address 0x0000000073e11f79


Register to memory mapping:

RIP=0x000000007110b5db jSSC-2.8_x86_64.dll
RAX=0x0000000073e11f79 is an unknown value
RBX=0x00000035518ff160 is pointing into the stack for thread: 0x0000015975f35cc0
RCX=0x00007fff114ff944 ntdll.dll
RDX=0x0 is NULL
RSP=0x00000035518ff0f0 is pointing into the stack for thread: 0x0000015975f35cc0
RBP=0x00000035518ff270 is pointing into the stack for thread: 0x0000015975f35cc0
RSI=0x0000015975f35fe8 points into unknown readable memory: 0x00007ffec5ecde40 | 40 de ec c5 fe 7f 00 00
RDI=0x00000000000004ec is an unknown value
R8 =0x00000035518fefe8 is pointing into the stack for thread: 0x0000015975f35cc0
R9 =0x00000035518ff0e0 is pointing into the stack for thread: 0x0000015975f35cc0
R10=0x0 is NULL
R11=0x0000000000000246 is an unknown value
R12=0x00000035518ff330 is pointing into the stack for thread: 0x0000015975f35cc0
R13=0x000001597fe26bf0 points into unknown readable memory: 0x00000000334d4f43 | 43 4f 4d 33 00 00 00 00
R14=0x00000035518ff220 is pointing into the stack for thread: 0x0000015975f35cc0
R15=0x0000015975f35cc0 is a thread


Registers:
RAX=0x0000000073e11f79, RBX=0x00000035518ff160, RCX=0x00007fff114ff944, RDX=0x0000000000000000
RSP=0x00000035518ff0f0, RBP=0x00000035518ff270, RSI=0x0000015975f35fe8, RDI=0x00000000000004ec
R8 =0x00000035518fefe8, R9 =0x00000035518ff0e0, R10=0x0000000000000000, R11=0x0000000000000246
R12=0x00000035518ff330, R13=0x000001597fe26bf0, R14=0x00000035518ff220, R15=0x0000015975f35cc0
RIP=0x000000007110b5db, EFLAGS=0x0000000000010202

Top of Stack: (sp=0x00000035518ff0f0)
0x00000035518ff0f0:   00000035518ff118 0000000000000000
0x00000035518ff100:   000000007110b230 00007fff1147267d
0x00000035518ff110:   00000035518ff330 0000000000000004
0x00000035518ff120:   0000015975f35fe8 00000000000004ec
0x00000035518ff130:   00000035518ff270 0000000071112590
0x00000035518ff140:   00000035518ff1a0 0000003500000000
0x00000035518ff150:   00000000c0000000 0000000000000000
0x00000035518ff160:   00000000000004ec 00007fff0de4e7cc
0x00000035518ff170:   00000035518ff220 000001597fe26bf0
0x00000035518ff180:   00000035518ff330 00000000000004ec
0x00000035518ff190:   0000000071113500 0000000071113be8
0x00000035518ff1a0:   00000035518ff1d0 0000000071112641
0x00000035518ff1b0:   00000035518ff140 0000000000000000
0x00000035518ff1c0:   0000000000000000 0000000000000000
0x00000035518ff1d0:   00000035518ff270 0000000071101595
0x00000035518ff1e0:   000000000000001c 0000015900000000 

Instructions: (pc=0x000000007110b5db)
0x000000007110b4db:   48 85 c0 74 bf 44 8b 03 45 85 c0 0f 84 77 ff ff
0x000000007110b4eb:   ff eb 9f 66 90 e8 8b fe ff ff 48 89 05 0c 34 01
0x000000007110b4fb:   00 eb ad 66 90 e8 7b fe ff ff 48 89 05 fc 33 01
0x000000007110b50b:   00 eb 8b e8 8d fe ff ff c7 03 01 00 00 00 e9 6f
0x000000007110b51b:   ff ff ff 66 90 55 48 89 e5 56 53 48 83 ec 20 48
0x000000007110b52b:   8b 05 d7 33 01 00 48 8b 31 48 89 cb 48 85 c0 74
0x000000007110b53b:   56 44 8b 18 45 85 db 78 42 48 8b 05 bd 33 01 00
0x000000007110b54b:   48 85 c0 74 50 44 8b 10 45 85 d2 74 1d 48 89 f1
0x000000007110b55b:   e8 d0 fd ff ff 48 8b 13 48 8d 42 40 48 8b 48 08
0x000000007110b56b:   48 8b 6a 40 48 8b 60 10 ff e1 48 8b 05 9c 33 01
0x000000007110b57b:   00 48 85 c0 74 2d 48 89 30 eb da e8 b5 fe ff ff
0x000000007110b58b:   0f 1f 44 00 00 eb b2 e8 e9 fd ff ff 48 89 05 6a
0x000000007110b59b:   33 01 00 eb 9c e8 db fd ff ff 48 89 05 5c 33 01
0x000000007110b5ab:   00 eb a2 e8 3d fd ff ff 48 89 05 5e 33 01 00 eb
0x000000007110b5bb:   c5 0f 1f 40 00 55 57 56 53 48 83 ec 28 48 8b 05
0x000000007110b5cb:   39 33 01 00 48 89 cb 48 85 c0 0f 84 c5 00 00 00
0x000000007110b5db:   8b 38 85 ff 0f 88 ab 00 00 00 48 8b 05 1c 33 01
0x000000007110b5eb:   00 48 85 c0 0f 84 bc 00 00 00 8b 30 85 f6 74 57
0x000000007110b5fb:   48 8b 05 0e 33 01 00 48 85 c0 0f 84 e5 00 00 00
0x000000007110b60b:   8b 28 48 8b 35 10 5e 01 00 ff d6 89 c7 89 e9 ff
0x000000007110b61b:   15 f4 5e 01 00 89 f9 48 89 c5 ff 15 b9 5e 01 00
0x000000007110b62b:   48 8b 05 de 32 01 00 48 89 2b 48 85 c0 74 46 48
0x000000007110b63b:   89 da 8b 08 ff 15 d7 5e 01 00 85 c0 74 27 48 83
0x000000007110b64b:   c4 28 5b 5e 5f 5d c3 48 8b 05 bf 32 01 00 48 85
0x000000007110b65b:   c0 74 64 48 8b 10 48 89 13 48 89 18 48 83 c4 28
0x000000007110b66b:   5b 5e 5f 5d c3 48 89 f2 48 83 c4 28 5b 5e 5f 5d
0x000000007110b67b:   48 ff e2 66 90 e8 8b fc ff ff 48 89 05 84 32 01
0x000000007110b68b:   00 eb ac 66 90 e8 ab fd ff ff e9 4b ff ff ff 66
0x000000007110b69b:   0f 1f 44 00 00 e8 db fc ff ff 48 89 05 5c 32 01
0x000000007110b6ab:   00 e9 2a ff ff ff e8 ca fc ff ff 48 89 05 4b 32
0x000000007110b6bb:   01 00 e9 33 ff ff ff e8 29 fc ff ff 48 89 05 4a
0x000000007110b6cb:   32 01 00 48 8b 10 48 85 c0 48 89 13 75 8b e8 12 


Stack slot to memory mapping:
stack at sp + 0 slots: 0x00000035518ff118 is pointing into the stack for thread: 0x0000015975f35cc0
stack at sp + 1 slots: 0x0 is NULL
stack at sp + 2 slots: 0x000000007110b230 jSSC-2.8_x86_64.dll
stack at sp + 3 slots: 0x00007fff1147267d ntdll.dll
stack at sp + 4 slots: 0x00000035518ff330 is pointing into the stack for thread: 0x0000015975f35cc0
stack at sp + 5 slots: 0x0000000000000004 is an unknown value
stack at sp + 6 slots: 0x0000015975f35fe8 points into unknown readable memory: 0x00007ffec5ecde40 | 40 de ec c5 fe 7f 00 00
stack at sp + 7 slots: 0x00000000000004ec is an unknown value


---------------  P R O C E S S  ---------------

Threads class SMR info:
_java_thread_list=0x000001597fe263b0, length=14, elements={
0x0000015975f35cc0, 0x000001597f253b40, 0x000001597f254620, 0x000001597f26e9c0,
0x000001597f271390, 0x000001597f271d50, 0x000001597f273e50, 0x000001597f2766c0,
0x000001597fbcbf40, 0x000001597fc47d30, 0x000001597fe106a0, 0x000001597fd383f0,
0x000001597fd38ad0, 0x000001597fe21870
}

Java Threads: ( => current thread )
=>0x0000015975f35cc0 JavaThread "main" [_thread_in_native, id=4468, stack(0x0000003551800000,0x0000003551900000)]
  0x000001597f253b40 JavaThread "Reference Handler" daemon [_thread_blocked, id=2548, stack(0x0000003551f00000,0x0000003552000000)]
  0x000001597f254620 JavaThread "Finalizer" daemon [_thread_blocked, id=12156, stack(0x0000003552000000,0x0000003552100000)]
  0x000001597f26e9c0 JavaThread "Signal Dispatcher" daemon [_thread_blocked, id=8144, stack(0x0000003552100000,0x0000003552200000)]
  0x000001597f271390 JavaThread "Attach Listener" daemon [_thread_blocked, id=6580, stack(0x0000003552200000,0x0000003552300000)]
  0x000001597f271d50 JavaThread "Service Thread" daemon [_thread_blocked, id=6252, stack(0x0000003552300000,0x0000003552400000)]
  0x000001597f273e50 JavaThread "C2 CompilerThread0" daemon [_thread_blocked, id=5008, stack(0x0000003552400000,0x0000003552500000)]
  0x000001597f2766c0 JavaThread "C1 CompilerThread0" daemon [_thread_blocked, id=9292, stack(0x0000003552500000,0x0000003552600000)]
  0x000001597fbcbf40 JavaThread "Sweeper thread" daemon [_thread_blocked, id=9160, stack(0x0000003552600000,0x0000003552700000)]
  0x000001597fc47d30 JavaThread "Common-Cleaner" daemon [_thread_blocked, id=4804, stack(0x0000003552700000,0x0000003552800000)]
  0x000001597fe106a0 JavaThread "JDWP Transport Listener: dt_socket" daemon [_thread_blocked, id=11448, stack(0x0000003552800000,0x0000003552900000)]
  0x000001597fd383f0 JavaThread "JDWP Event Helper Thread" daemon [_thread_blocked, id=9984, stack(0x0000003552900000,0x0000003552a00000)]
  0x000001597fd38ad0 JavaThread "JDWP Command Reader" daemon [_thread_in_native, id=2736, stack(0x0000003552a00000,0x0000003552b00000)]
  0x000001597fe21870 JavaThread "Notification Thread" daemon [_thread_blocked, id=5000, stack(0x0000003552b00000,0x0000003552c00000)]

Other Threads:
  0x000001597f2503a0 VMThread "VM Thread" [stack: 0x0000003551e00000,0x0000003551f00000] [id=8160]
  0x000001597fe21d40 WatcherThread [stack: 0x0000003552c00000,0x0000003552d00000] [id=6556]
  0x0000015975f73ca0 GCTaskThread "GC Thread#0" [stack: 0x0000003551900000,0x0000003551a00000] [id=84]
  0x0000015975f869a0 ConcurrentGCThread "G1 Main Marker" [stack: 0x0000003551a00000,0x0000003551b00000] [id=792]
  0x0000015975f874a0 ConcurrentGCThread "G1 Conc#0" [stack: 0x0000003551b00000,0x0000003551c00000] [id=10076]
  0x0000015975ffe190 ConcurrentGCThread "G1 Refine#0" [stack: 0x0000003551c00000,0x0000003551d00000] [id=10956]
  0x000001597f0ca110 ConcurrentGCThread "G1 Young RemSet Sampling" [stack: 0x0000003551d00000,0x0000003551e00000] [id=4432]

Threads with active compile tasks:

VM state: not at safepoint (normal execution)

VM Mutex/Monitor currently owned by a thread: None

Heap address: 0x0000000081c00000, size: 2020 MB, Compressed Oops mode: 32-bit
CDS archive(s) mapped at: [0x0000000800000000-0x0000000800b50000-0x0000000800b50000), size 11862016, SharedBaseAddress: 0x0000000800000000, ArchiveRelocationMode: 0.
Compressed class space mapped at: 0x0000000800b50000-0x0000000840b50000, size: 1073741824
Narrow klass base: 0x0000000800000000, Narrow klass shift: 3, Narrow klass range: 0x100000000

GC Precious Log:
 CPUs: 4 total, 4 available
 Memory: 8079M
 Large Page Support: Disabled
 NUMA Support: Disabled
 Compressed Oops: Enabled (32-bit)
 Heap Region Size: 1M
 Heap Min Capacity: 8M
 Heap Initial Capacity: 128M
 Heap Max Capacity: 2020M
 Pre-touch: Disabled
 Parallel Workers: 4
 Concurrent Workers: 1
 Concurrent Refinement Workers: 4
 Periodic GC: Disabled

Heap:
 garbage-first heap   total 131072K, used 2048K [0x0000000081c00000, 0x0000000100000000)
  region size 1024K, 3 young (3072K), 0 survivors (0K)
 Metaspace       used 729K, capacity 4673K, committed 4864K, reserved 1056768K
  class space    used 66K, capacity 431K, committed 512K, reserved 1048576K

Heap Regions: E=young(eden), S=young(survivor), O=old, HS=humongous(starts), HC=humongous(continues), CS=collection set, F=free, OA=open archive, CA=closed archive, TAMS=top-at-mark-start (previous, next)
|   0|0x0000000081c00000, 0x0000000081c00000, 0x0000000081d00000|  0%| F|  |TAMS 0x0000000081c00000, 0x0000000081c00000| Untracked 
|   1|0x0000000081d00000, 0x0000000081d00000, 0x0000000081e00000|  0%| F|  |TAMS 0x0000000081d00000, 0x0000000081d00000| Untracked 
|   2|0x0000000081e00000, 0x0000000081e00000, 0x0000000081f00000|  0%| F|  |TAMS 0x0000000081e00000, 0x0000000081e00000| Untracked 
|   3|0x0000000081f00000, 0x0000000081f00000, 0x0000000082000000|  0%| F|  |TAMS 0x0000000081f00000, 0x0000000081f00000| Untracked 
|   4|0x0000000082000000, 0x0000000082000000, 0x0000000082100000|  0%| F|  |TAMS 0x0000000082000000, 0x0000000082000000| Untracked 
|   5|0x0000000082100000, 0x0000000082100000, 0x0000000082200000|  0%| F|  |TAMS 0x0000000082100000, 0x0000000082100000| Untracked 
|   6|0x0000000082200000, 0x0000000082200000, 0x0000000082300000|  0%| F|  |TAMS 0x0000000082200000, 0x0000000082200000| Untracked 
|   7|0x0000000082300000, 0x0000000082300000, 0x0000000082400000|  0%| F|  |TAMS 0x0000000082300000, 0x0000000082300000| Untracked 
|   8|0x0000000082400000, 0x0000000082400000, 0x0000000082500000|  0%| F|  |TAMS 0x0000000082400000, 0x0000000082400000| Untracked 
|   9|0x0000000082500000, 0x0000000082500000, 0x0000000082600000|  0%| F|  |TAMS 0x0000000082500000, 0x0000000082500000| Untracked 
|  10|0x0000000082600000, 0x0000000082600000, 0x0000000082700000|  0%| F|  |TAMS 0x0000000082600000, 0x0000000082600000| Untracked 
|  11|0x0000000082700000, 0x0000000082700000, 0x0000000082800000|  0%| F|  |TAMS 0x0000000082700000, 0x0000000082700000| Untracked 
|  12|0x0000000082800000, 0x0000000082800000, 0x0000000082900000|  0%| F|  |TAMS 0x0000000082800000, 0x0000000082800000| Untracked 
|  13|0x0000000082900000, 0x0000000082900000, 0x0000000082a00000|  0%| F|  |TAMS 0x0000000082900000, 0x0000000082900000| Untracked 
|  14|0x0000000082a00000, 0x0000000082a00000, 0x0000000082b00000|  0%| F|  |TAMS 0x0000000082a00000, 0x0000000082a00000| Untracked 
|  15|0x0000000082b00000, 0x0000000082b00000, 0x0000000082c00000|  0%| F|  |TAMS 0x0000000082b00000, 0x0000000082b00000| Untracked 
|  16|0x0000000082c00000, 0x0000000082c00000, 0x0000000082d00000|  0%| F|  |TAMS 0x0000000082c00000, 0x0000000082c00000| Untracked 
|  17|0x0000000082d00000, 0x0000000082d00000, 0x0000000082e00000|  0%| F|  |TAMS 0x0000000082d00000, 0x0000000082d00000| Untracked 
|  18|0x0000000082e00000, 0x0000000082e00000, 0x0000000082f00000|  0%| F|  |TAMS 0x0000000082e00000, 0x0000000082e00000| Untracked 
|  19|0x0000000082f00000, 0x0000000082f00000, 0x0000000083000000|  0%| F|  |TAMS 0x0000000082f00000, 0x0000000082f00000| Untracked 
|  20|0x0000000083000000, 0x0000000083000000, 0x0000000083100000|  0%| F|  |TAMS 0x0000000083000000, 0x0000000083000000| Untracked 
|  21|0x0000000083100000, 0x0000000083100000, 0x0000000083200000|  0%| F|  |TAMS 0x0000000083100000, 0x0000000083100000| Untracked 
|  22|0x0000000083200000, 0x0000000083200000, 0x0000000083300000|  0%| F|  |TAMS 0x0000000083200000, 0x0000000083200000| Untracked 
|  23|0x0000000083300000, 0x0000000083300000, 0x0000000083400000|  0%| F|  |TAMS 0x0000000083300000, 0x0000000083300000| Untracked 
|  24|0x0000000083400000, 0x0000000083400000, 0x0000000083500000|  0%| F|  |TAMS 0x0000000083400000, 0x0000000083400000| Untracked 
|  25|0x0000000083500000, 0x0000000083500000, 0x0000000083600000|  0%| F|  |TAMS 0x0000000083500000, 0x0000000083500000| Untracked 
|  26|0x0000000083600000, 0x0000000083600000, 0x0000000083700000|  0%| F|  |TAMS 0x0000000083600000, 0x0000000083600000| Untracked 
|  27|0x0000000083700000, 0x0000000083700000, 0x0000000083800000|  0%| F|  |TAMS 0x0000000083700000, 0x0000000083700000| Untracked 
|  28|0x0000000083800000, 0x0000000083800000, 0x0000000083900000|  0%| F|  |TAMS 0x0000000083800000, 0x0000000083800000| Untracked 
|  29|0x0000000083900000, 0x0000000083900000, 0x0000000083a00000|  0%| F|  |TAMS 0x0000000083900000, 0x0000000083900000| Untracked 
|  30|0x0000000083a00000, 0x0000000083a00000, 0x0000000083b00000|  0%| F|  |TAMS 0x0000000083a00000, 0x0000000083a00000| Untracked 
|  31|0x0000000083b00000, 0x0000000083b00000, 0x0000000083c00000|  0%| F|  |TAMS 0x0000000083b00000, 0x0000000083b00000| Untracked 
|  32|0x0000000083c00000, 0x0000000083c00000, 0x0000000083d00000|  0%| F|  |TAMS 0x0000000083c00000, 0x0000000083c00000| Untracked 
|  33|0x0000000083d00000, 0x0000000083d00000, 0x0000000083e00000|  0%| F|  |TAMS 0x0000000083d00000, 0x0000000083d00000| Untracked 
|  34|0x0000000083e00000, 0x0000000083e00000, 0x0000000083f00000|  0%| F|  |TAMS 0x0000000083e00000, 0x0000000083e00000| Untracked 
|  35|0x0000000083f00000, 0x0000000083f00000, 0x0000000084000000|  0%| F|  |TAMS 0x0000000083f00000, 0x0000000083f00000| Untracked 
|  36|0x0000000084000000, 0x0000000084000000, 0x0000000084100000|  0%| F|  |TAMS 0x0000000084000000, 0x0000000084000000| Untracked 
|  37|0x0000000084100000, 0x0000000084100000, 0x0000000084200000|  0%| F|  |TAMS 0x0000000084100000, 0x0000000084100000| Untracked 
|  38|0x0000000084200000, 0x0000000084200000, 0x0000000084300000|  0%| F|  |TAMS 0x0000000084200000, 0x0000000084200000| Untracked 
|  39|0x0000000084300000, 0x0000000084300000, 0x0000000084400000|  0%| F|  |TAMS 0x0000000084300000, 0x0000000084300000| Untracked 
|  40|0x0000000084400000, 0x0000000084400000, 0x0000000084500000|  0%| F|  |TAMS 0x0000000084400000, 0x0000000084400000| Untracked 
|  41|0x0000000084500000, 0x0000000084500000, 0x0000000084600000|  0%| F|  |TAMS 0x0000000084500000, 0x0000000084500000| Untracked 
|  42|0x0000000084600000, 0x0000000084600000, 0x0000000084700000|  0%| F|  |TAMS 0x0000000084600000, 0x0000000084600000| Untracked 
|  43|0x0000000084700000, 0x0000000084700000, 0x0000000084800000|  0%| F|  |TAMS 0x0000000084700000, 0x0000000084700000| Untracked 
|  44|0x0000000084800000, 0x0000000084800000, 0x0000000084900000|  0%| F|  |TAMS 0x0000000084800000, 0x0000000084800000| Untracked 
|  45|0x0000000084900000, 0x0000000084900000, 0x0000000084a00000|  0%| F|  |TAMS 0x0000000084900000, 0x0000000084900000| Untracked 
|  46|0x0000000084a00000, 0x0000000084a00000, 0x0000000084b00000|  0%| F|  |TAMS 0x0000000084a00000, 0x0000000084a00000| Untracked 
|  47|0x0000000084b00000, 0x0000000084b00000, 0x0000000084c00000|  0%| F|  |TAMS 0x0000000084b00000, 0x0000000084b00000| Untracked 
|  48|0x0000000084c00000, 0x0000000084c00000, 0x0000000084d00000|  0%| F|  |TAMS 0x0000000084c00000, 0x0000000084c00000| Untracked 
|  49|0x0000000084d00000, 0x0000000084d00000, 0x0000000084e00000|  0%| F|  |TAMS 0x0000000084d00000, 0x0000000084d00000| Untracked 
|  50|0x0000000084e00000, 0x0000000084e00000, 0x0000000084f00000|  0%| F|  |TAMS 0x0000000084e00000, 0x0000000084e00000| Untracked 
|  51|0x0000000084f00000, 0x0000000084f00000, 0x0000000085000000|  0%| F|  |TAMS 0x0000000084f00000, 0x0000000084f00000| Untracked 
|  52|0x0000000085000000, 0x0000000085000000, 0x0000000085100000|  0%| F|  |TAMS 0x0000000085000000, 0x0000000085000000| Untracked 
|  53|0x0000000085100000, 0x0000000085100000, 0x0000000085200000|  0%| F|  |TAMS 0x0000000085100000, 0x0000000085100000| Untracked 
|  54|0x0000000085200000, 0x0000000085200000, 0x0000000085300000|  0%| F|  |TAMS 0x0000000085200000, 0x0000000085200000| Untracked 
|  55|0x0000000085300000, 0x0000000085300000, 0x0000000085400000|  0%| F|  |TAMS 0x0000000085300000, 0x0000000085300000| Untracked 
|  56|0x0000000085400000, 0x0000000085400000, 0x0000000085500000|  0%| F|  |TAMS 0x0000000085400000, 0x0000000085400000| Untracked 
|  57|0x0000000085500000, 0x0000000085500000, 0x0000000085600000|  0%| F|  |TAMS 0x0000000085500000, 0x0000000085500000| Untracked 
|  58|0x0000000085600000, 0x0000000085600000, 0x0000000085700000|  0%| F|  |TAMS 0x0000000085600000, 0x0000000085600000| Untracked 
|  59|0x0000000085700000, 0x0000000085700000, 0x0000000085800000|  0%| F|  |TAMS 0x0000000085700000, 0x0000000085700000| Untracked 
|  60|0x0000000085800000, 0x0000000085800000, 0x0000000085900000|  0%| F|  |TAMS 0x0000000085800000, 0x0000000085800000| Untracked 
|  61|0x0000000085900000, 0x0000000085900000, 0x0000000085a00000|  0%| F|  |TAMS 0x0000000085900000, 0x0000000085900000| Untracked 
|  62|0x0000000085a00000, 0x0000000085a00000, 0x0000000085b00000|  0%| F|  |TAMS 0x0000000085a00000, 0x0000000085a00000| Untracked 
|  63|0x0000000085b00000, 0x0000000085b00000, 0x0000000085c00000|  0%| F|  |TAMS 0x0000000085b00000, 0x0000000085b00000| Untracked 
|  64|0x0000000085c00000, 0x0000000085c00000, 0x0000000085d00000|  0%| F|  |TAMS 0x0000000085c00000, 0x0000000085c00000| Untracked 
|  65|0x0000000085d00000, 0x0000000085d00000, 0x0000000085e00000|  0%| F|  |TAMS 0x0000000085d00000, 0x0000000085d00000| Untracked 
|  66|0x0000000085e00000, 0x0000000085e00000, 0x0000000085f00000|  0%| F|  |TAMS 0x0000000085e00000, 0x0000000085e00000| Untracked 
|  67|0x0000000085f00000, 0x0000000085f00000, 0x0000000086000000|  0%| F|  |TAMS 0x0000000085f00000, 0x0000000085f00000| Untracked 
|  68|0x0000000086000000, 0x0000000086000000, 0x0000000086100000|  0%| F|  |TAMS 0x0000000086000000, 0x0000000086000000| Untracked 
|  69|0x0000000086100000, 0x0000000086100000, 0x0000000086200000|  0%| F|  |TAMS 0x0000000086100000, 0x0000000086100000| Untracked 
|  70|0x0000000086200000, 0x0000000086200000, 0x0000000086300000|  0%| F|  |TAMS 0x0000000086200000, 0x0000000086200000| Untracked 
|  71|0x0000000086300000, 0x0000000086300000, 0x0000000086400000|  0%| F|  |TAMS 0x0000000086300000, 0x0000000086300000| Untracked 
|  72|0x0000000086400000, 0x0000000086400000, 0x0000000086500000|  0%| F|  |TAMS 0x0000000086400000, 0x0000000086400000| Untracked 
|  73|0x0000000086500000, 0x0000000086500000, 0x0000000086600000|  0%| F|  |TAMS 0x0000000086500000, 0x0000000086500000| Untracked 
|  74|0x0000000086600000, 0x0000000086600000, 0x0000000086700000|  0%| F|  |TAMS 0x0000000086600000, 0x0000000086600000| Untracked 
|  75|0x0000000086700000, 0x0000000086700000, 0x0000000086800000|  0%| F|  |TAMS 0x0000000086700000, 0x0000000086700000| Untracked 
|  76|0x0000000086800000, 0x0000000086800000, 0x0000000086900000|  0%| F|  |TAMS 0x0000000086800000, 0x0000000086800000| Untracked 
|  77|0x0000000086900000, 0x0000000086900000, 0x0000000086a00000|  0%| F|  |TAMS 0x0000000086900000, 0x0000000086900000| Untracked 
|  78|0x0000000086a00000, 0x0000000086a00000, 0x0000000086b00000|  0%| F|  |TAMS 0x0000000086a00000, 0x0000000086a00000| Untracked 
|  79|0x0000000086b00000, 0x0000000086b00000, 0x0000000086c00000|  0%| F|  |TAMS 0x0000000086b00000, 0x0000000086b00000| Untracked 
|  80|0x0000000086c00000, 0x0000000086c00000, 0x0000000086d00000|  0%| F|  |TAMS 0x0000000086c00000, 0x0000000086c00000| Untracked 
|  81|0x0000000086d00000, 0x0000000086d00000, 0x0000000086e00000|  0%| F|  |TAMS 0x0000000086d00000, 0x0000000086d00000| Untracked 
|  82|0x0000000086e00000, 0x0000000086e00000, 0x0000000086f00000|  0%| F|  |TAMS 0x0000000086e00000, 0x0000000086e00000| Untracked 
|  83|0x0000000086f00000, 0x0000000086f00000, 0x0000000087000000|  0%| F|  |TAMS 0x0000000086f00000, 0x0000000086f00000| Untracked 
|  84|0x0000000087000000, 0x0000000087000000, 0x0000000087100000|  0%| F|  |TAMS 0x0000000087000000, 0x0000000087000000| Untracked 
|  85|0x0000000087100000, 0x0000000087100000, 0x0000000087200000|  0%| F|  |TAMS 0x0000000087100000, 0x0000000087100000| Untracked 
|  86|0x0000000087200000, 0x0000000087200000, 0x0000000087300000|  0%| F|  |TAMS 0x0000000087200000, 0x0000000087200000| Untracked 
|  87|0x0000000087300000, 0x0000000087300000, 0x0000000087400000|  0%| F|  |TAMS 0x0000000087300000, 0x0000000087300000| Untracked 
|  88|0x0000000087400000, 0x0000000087400000, 0x0000000087500000|  0%| F|  |TAMS 0x0000000087400000, 0x0000000087400000| Untracked 
|  89|0x0000000087500000, 0x0000000087500000, 0x0000000087600000|  0%| F|  |TAMS 0x0000000087500000, 0x0000000087500000| Untracked 
|  90|0x0000000087600000, 0x0000000087600000, 0x0000000087700000|  0%| F|  |TAMS 0x0000000087600000, 0x0000000087600000| Untracked 
|  91|0x0000000087700000, 0x0000000087700000, 0x0000000087800000|  0%| F|  |TAMS 0x0000000087700000, 0x0000000087700000| Untracked 
|  92|0x0000000087800000, 0x0000000087800000, 0x0000000087900000|  0%| F|  |TAMS 0x0000000087800000, 0x0000000087800000| Untracked 
|  93|0x0000000087900000, 0x0000000087900000, 0x0000000087a00000|  0%| F|  |TAMS 0x0000000087900000, 0x0000000087900000| Untracked 
|  94|0x0000000087a00000, 0x0000000087a00000, 0x0000000087b00000|  0%| F|  |TAMS 0x0000000087a00000, 0x0000000087a00000| Untracked 
|  95|0x0000000087b00000, 0x0000000087b00000, 0x0000000087c00000|  0%| F|  |TAMS 0x0000000087b00000, 0x0000000087b00000| Untracked 
|  96|0x0000000087c00000, 0x0000000087c00000, 0x0000000087d00000|  0%| F|  |TAMS 0x0000000087c00000, 0x0000000087c00000| Untracked 
|  97|0x0000000087d00000, 0x0000000087d00000, 0x0000000087e00000|  0%| F|  |TAMS 0x0000000087d00000, 0x0000000087d00000| Untracked 
|  98|0x0000000087e00000, 0x0000000087e00000, 0x0000000087f00000|  0%| F|  |TAMS 0x0000000087e00000, 0x0000000087e00000| Untracked 
|  99|0x0000000087f00000, 0x0000000087f00000, 0x0000000088000000|  0%| F|  |TAMS 0x0000000087f00000, 0x0000000087f00000| Untracked 
| 100|0x0000000088000000, 0x0000000088000000, 0x0000000088100000|  0%| F|  |TAMS 0x0000000088000000, 0x0000000088000000| Untracked 
| 101|0x0000000088100000, 0x0000000088100000, 0x0000000088200000|  0%| F|  |TAMS 0x0000000088100000, 0x0000000088100000| Untracked 
| 102|0x0000000088200000, 0x0000000088200000, 0x0000000088300000|  0%| F|  |TAMS 0x0000000088200000, 0x0000000088200000| Untracked 
| 103|0x0000000088300000, 0x0000000088300000, 0x0000000088400000|  0%| F|  |TAMS 0x0000000088300000, 0x0000000088300000| Untracked 
| 104|0x0000000088400000, 0x0000000088400000, 0x0000000088500000|  0%| F|  |TAMS 0x0000000088400000, 0x0000000088400000| Untracked 
| 105|0x0000000088500000, 0x0000000088500000, 0x0000000088600000|  0%| F|  |TAMS 0x0000000088500000, 0x0000000088500000| Untracked 
| 106|0x0000000088600000, 0x0000000088600000, 0x0000000088700000|  0%| F|  |TAMS 0x0000000088600000, 0x0000000088600000| Untracked 
| 107|0x0000000088700000, 0x0000000088700000, 0x0000000088800000|  0%| F|  |TAMS 0x0000000088700000, 0x0000000088700000| Untracked 
| 108|0x0000000088800000, 0x0000000088800000, 0x0000000088900000|  0%| F|  |TAMS 0x0000000088800000, 0x0000000088800000| Untracked 
| 109|0x0000000088900000, 0x0000000088900000, 0x0000000088a00000|  0%| F|  |TAMS 0x0000000088900000, 0x0000000088900000| Untracked 
| 110|0x0000000088a00000, 0x0000000088a00000, 0x0000000088b00000|  0%| F|  |TAMS 0x0000000088a00000, 0x0000000088a00000| Untracked 
| 111|0x0000000088b00000, 0x0000000088b00000, 0x0000000088c00000|  0%| F|  |TAMS 0x0000000088b00000, 0x0000000088b00000| Untracked 
| 112|0x0000000088c00000, 0x0000000088c00000, 0x0000000088d00000|  0%| F|  |TAMS 0x0000000088c00000, 0x0000000088c00000| Untracked 
| 113|0x0000000088d00000, 0x0000000088d00000, 0x0000000088e00000|  0%| F|  |TAMS 0x0000000088d00000, 0x0000000088d00000| Untracked 
| 114|0x0000000088e00000, 0x0000000088e00000, 0x0000000088f00000|  0%| F|  |TAMS 0x0000000088e00000, 0x0000000088e00000| Untracked 
| 115|0x0000000088f00000, 0x0000000088f00000, 0x0000000089000000|  0%| F|  |TAMS 0x0000000088f00000, 0x0000000088f00000| Untracked 
| 116|0x0000000089000000, 0x0000000089000000, 0x0000000089100000|  0%| F|  |TAMS 0x0000000089000000, 0x0000000089000000| Untracked 
| 117|0x0000000089100000, 0x0000000089100000, 0x0000000089200000|  0%| F|  |TAMS 0x0000000089100000, 0x0000000089100000| Untracked 
| 118|0x0000000089200000, 0x0000000089200000, 0x0000000089300000|  0%| F|  |TAMS 0x0000000089200000, 0x0000000089200000| Untracked 
| 119|0x0000000089300000, 0x0000000089300000, 0x0000000089400000|  0%| F|  |TAMS 0x0000000089300000, 0x0000000089300000| Untracked 
| 120|0x0000000089400000, 0x0000000089400000, 0x0000000089500000|  0%| F|  |TAMS 0x0000000089400000, 0x0000000089400000| Untracked 
| 121|0x0000000089500000, 0x0000000089500000, 0x0000000089600000|  0%| F|  |TAMS 0x0000000089500000, 0x0000000089500000| Untracked 
| 122|0x0000000089600000, 0x0000000089600000, 0x0000000089700000|  0%| F|  |TAMS 0x0000000089600000, 0x0000000089600000| Untracked 
| 123|0x0000000089700000, 0x0000000089700000, 0x0000000089800000|  0%| F|  |TAMS 0x0000000089700000, 0x0000000089700000| Untracked 
| 124|0x0000000089800000, 0x0000000089800000, 0x0000000089900000|  0%| F|  |TAMS 0x0000000089800000, 0x0000000089800000| Untracked 
| 125|0x0000000089900000, 0x0000000089988ee0, 0x0000000089a00000| 53%| E|  |TAMS 0x0000000089900000, 0x0000000089900000| Complete 
| 126|0x0000000089a00000, 0x0000000089b00000, 0x0000000089b00000|100%| E|CS|TAMS 0x0000000089a00000, 0x0000000089a00000| Complete 
| 127|0x0000000089b00000, 0x0000000089c00000, 0x0000000089c00000|100%| E|CS|TAMS 0x0000000089b00000, 0x0000000089b00000| Complete 

Card table byte_map: [0x000001597e550000,0x000001597e950000] _byte_map_base: 0x000001597e142000

Marking Bits (Prev, Next): (CMBitMap*) 0x0000015975f763c0, (CMBitMap*) 0x0000015975f76400
 Prev Bits: [0x000001590f000000, 0x0000015910f90000)
 Next Bits: [0x0000015910f90000, 0x0000015912f20000)

Polling page: 0x0000015973df0000

Metaspace:

Usage:
  Non-class:      4.14 MB capacity,   663.26 KB ( 16%) used,     3.49 MB ( 84%) free+waste,     1.13 KB ( <1%) overhead. 
      Class:    431.00 KB capacity,    66.46 KB ( 15%) used,   363.73 KB ( 84%) free+waste,   832 bytes ( <1%) overhead. 
       Both:      4.56 MB capacity,   729.72 KB ( 16%) used,     3.85 MB ( 84%) free+waste,     1.94 KB ( <1%) overhead. 

Virtual space:
  Non-class space:        8.00 MB reserved,       4.25 MB ( 53%) committed 
      Class space:        1.00 GB reserved,     512.00 KB ( <1%) committed 
             Both:        1.01 GB reserved,       4.75 MB ( <1%) committed 

Chunk freelists:
   Non-Class:  46.00 KB
       Class:  17.00 KB
        Both:  63.00 KB

MaxMetaspaceSize: 17179869184.00 GB
CompressedClassSpaceSize: 1.00 GB

CodeHeap 'non-profiled nmethods': size=120000Kb used=93Kb max_used=93Kb free=119906Kb
 bounds [0x0000015907ad0000, 0x0000015907d40000, 0x000001590f000000]
CodeHeap 'profiled nmethods': size=120000Kb used=299Kb max_used=299Kb free=119700Kb
 bounds [0x00000159005a0000, 0x0000015900810000, 0x0000015907ad0000]
CodeHeap 'non-nmethods': size=5760Kb used=1200Kb max_used=1213Kb free=4559Kb
 bounds [0x0000015900000000, 0x0000015900270000, 0x00000159005a0000]
 total_blobs=624 nmethods=269 adapters=268
 compilation: enabled
              stopped_count=0, restarted_count=0
 full_count=0

Compilation events (20 events):
Event: 0.216 Thread 0x000001597f2766c0  247       3       java.lang.invoke.MethodType::equals (56 bytes)
Event: 0.217 Thread 0x000001597f2766c0 nmethod 247 0x00000159005e4c90 code [0x00000159005e4ea0, 0x00000159005e5a38]
Event: 0.217 Thread 0x000001597f2766c0  251       1       java.lang.invoke.MethodTypeForm::parameterSlotCount (5 bytes)
Event: 0.217 Thread 0x000001597f2766c0 nmethod 251 0x0000015907ae5a10 code [0x0000015907ae5ba0, 0x0000015907ae5c58]
Event: 0.217 Thread 0x000001597f2766c0  257       3       java.lang.invoke.MethodType::checkPtypes (61 bytes)
Event: 0.217 Thread 0x000001597f2766c0 nmethod 257 0x00000159005e5c10 code [0x00000159005e5ea0, 0x00000159005e68a8]
Event: 0.217 Thread 0x000001597f2766c0  258       3       java.lang.invoke.LambdaForm$Name::initIndex (26 bytes)
Event: 0.218 Thread 0x000001597f2766c0 nmethod 258 0x00000159005e6d10 code [0x00000159005e6ea0, 0x00000159005e7038]
Event: 0.219 Thread 0x000001597f2766c0  260       1       java.lang.invoke.MethodTypeForm::erasedType (5 bytes)
Event: 0.219 Thread 0x000001597f2766c0 nmethod 260 0x0000015907ae6310 code [0x0000015907ae64a0, 0x0000015907ae6558]
Event: 0.219 Thread 0x000001597f2766c0  261       3       sun.invoke.util.VerifyAccess::isTypeVisible (118 bytes)
Event: 0.220 Thread 0x000001597f273e50  265       4       java.lang.String::length (11 bytes)
Event: 0.220 Thread 0x000001597f2766c0 nmethod 261 0x00000159005e7110 code [0x00000159005e7520, 0x00000159005e95b8]
Event: 0.220 Thread 0x000001597f2766c0  262       3       java.util.ImmutableCollections$ListN::get (7 bytes)
Event: 0.220 Thread 0x000001597f2766c0 nmethod 262 0x00000159005e9f90 code [0x00000159005ea120, 0x00000159005ea258]
Event: 0.220 Thread 0x000001597f273e50 nmethod 265 0x0000015907ae7210 code [0x0000015907ae7380, 0x0000015907ae7418]
Event: 0.221 Thread 0x000001597f2766c0  268       3       java.lang.String::lastIndexOf (12 bytes)
Event: 0.221 Thread 0x000001597f2766c0 nmethod 268 0x00000159005ea310 code [0x00000159005ea500, 0x00000159005ea918]
Event: 0.221 Thread 0x000001597f2766c0  269       3       java.util.Objects::requireNonNull (15 bytes)
Event: 0.221 Thread 0x000001597f2766c0 nmethod 269 0x00000159005eaa90 code [0x00000159005eac40, 0x00000159005eae48]

GC Heap History (0 events):
No events

Deoptimization events (0 events):
No events

Classes unloaded (0 events):
No events

Classes redefined (0 events):
No events

Internal exceptions (0 events):
No events

Events (20 events):
Event: 0.208 loading class jssc/SerialPort$EventThread done
Event: 0.209 loading class jssc/SerialPort$LinuxEventThread
Event: 0.209 loading class jssc/SerialPort$LinuxEventThread done
Event: 0.209 loading class java/lang/InterruptedException
Event: 0.209 loading class java/lang/InterruptedException done
Event: 0.209 loading class jssc/SerialPortTimeoutException
Event: 0.209 loading class jssc/SerialPortTimeoutException done
Event: 0.210 loading class java/lang/SecurityException
Event: 0.210 loading class java/lang/SecurityException done
Event: 0.213 loading class java/lang/invoke/BoundMethodHandle$Species_LL
Event: 0.213 loading class java/lang/invoke/BoundMethodHandle$Species_LL done
Event: 0.215 loading class java/lang/invoke/BoundMethodHandle$Species_LLL
Event: 0.215 loading class java/lang/invoke/BoundMethodHandle$Species_LLL done
Event: 0.217 loading class java/lang/invoke/BoundMethodHandle$Species_LJ
Event: 0.217 loading class java/lang/invoke/BoundMethodHandle$Species_LJ done
Event: 0.218 loading class java/lang/invoke/BoundMethodHandle$Species_LLLL
Event: 0.218 loading class java/lang/invoke/BoundMethodHandle$Species_LLLL done
Event: 0.220 loading class jssc/SerialNativeInterface
Event: 0.220 loading class jssc/SerialNativeInterface done
Event: 0.224 Loaded shared library C:\Users\epr2\.jssc\windows\jSSC-2.8_x86_64.dll


Dynamic libraries:
0x00007ff63bc20000 - 0x00007ff63bc2d000 	C:\Users\epr2\.jdks\openjdk-15.0.1\bin\java.exe
0x00007fff11460000 - 0x00007fff1164d000 	C:\windows\SYSTEM32\ntdll.dll
0x00007fff0eea0000 - 0x00007fff0ef53000 	C:\windows\System32\KERNEL32.DLL
0x00007fff0de30000 - 0x00007fff0e0c5000 	C:\windows\System32\KERNELBASE.dll
0x00007fff0e560000 - 0x00007fff0e65a000 	C:\windows\System32\ucrtbase.dll
0x00007fff07f30000 - 0x00007fff07f49000 	C:\Users\epr2\.jdks\openjdk-15.0.1\bin\VCRUNTIME140.dll
0x00007fff09db0000 - 0x00007fff09dc8000 	C:\Users\epr2\.jdks\openjdk-15.0.1\bin\jli.dll
0x00007fff0e960000 - 0x00007fff0eaf7000 	C:\windows\System32\USER32.dll
0x00007fff0dd70000 - 0x00007fff0dd90000 	C:\windows\System32\win32u.dll
0x00007fff0f2f0000 - 0x00007fff0f319000 	C:\windows\System32\GDI32.dll
0x00007ffefdf80000 - 0x00007ffefe1f9000 	C:\windows\WinSxS\amd64_microsoft.windows.common-controls_6595b64144ccf1df_6.0.17763.1518_none_de6e2bd0534e2567\COMCTL32.dll
0x00007fff0e330000 - 0x00007fff0e4cc000 	C:\windows\System32\gdi32full.dll
0x00007fff0ebe0000 - 0x00007fff0ec7e000 	C:\windows\System32\msvcrt.dll
0x00007fff0dd90000 - 0x00007fff0de30000 	C:\windows\System32\msvcp_win.dll
0x00007fff10b50000 - 0x00007fff10e7d000 	C:\windows\System32\combase.dll
0x00007fff11300000 - 0x00007fff11422000 	C:\windows\System32\RPCRT4.dll
0x00007fff0e0d0000 - 0x00007fff0e14e000 	C:\windows\System32\bcryptPrimitives.dll
0x00007fff0edb0000 - 0x00007fff0edde000 	C:\windows\System32\IMM32.DLL
0x00007fff022b0000 - 0x00007fff022bc000 	C:\Users\epr2\.jdks\openjdk-15.0.1\bin\vcruntime140_1.dll
0x00007ffefdba0000 - 0x00007ffefdc31000 	C:\Users\epr2\.jdks\openjdk-15.0.1\bin\msvcp140.dll
0x00007ffec54d0000 - 0x00007ffec602e000 	C:\Users\epr2\.jdks\openjdk-15.0.1\bin\server\jvm.dll
0x00007fff0ede0000 - 0x00007fff0ee83000 	C:\windows\System32\ADVAPI32.dll
0x00007fff0e8c0000 - 0x00007fff0e95e000 	C:\windows\System32\sechost.dll
0x00007fff0f1b0000 - 0x00007fff0f1b8000 	C:\windows\System32\PSAPI.DLL
0x00007fff022a0000 - 0x00007fff022a9000 	C:\windows\SYSTEM32\WSOCK32.dll
0x00007ffef1240000 - 0x00007ffef1264000 	C:\windows\SYSTEM32\WINMM.dll
0x00007fff0f140000 - 0x00007fff0f1ad000 	C:\windows\System32\WS2_32.dll
0x00007fff06f50000 - 0x00007fff06f5a000 	C:\windows\SYSTEM32\VERSION.dll
0x00007ffef1210000 - 0x00007ffef123d000 	C:\windows\SYSTEM32\winmmbase.dll
0x00007fff0dd20000 - 0x00007fff0dd6a000 	C:\windows\System32\cfgmgr32.dll
0x00007fff0d490000 - 0x00007fff0d4a1000 	C:\windows\System32\kernel.appcore.dll
0x00007fff01590000 - 0x00007fff0159a000 	C:\Users\epr2\.jdks\openjdk-15.0.1\bin\jimage.dll
0x00007fff06ce0000 - 0x00007fff06ecd000 	C:\windows\SYSTEM32\DBGHELP.DLL
0x00007fff06cb0000 - 0x00007fff06cda000 	C:\windows\SYSTEM32\dbgcore.DLL
0x00007ffefbb60000 - 0x00007ffefbb99000 	C:\Users\epr2\.jdks\openjdk-15.0.1\bin\jdwp.dll
0x00007fff01580000 - 0x00007fff0158e000 	C:\Users\epr2\.jdks\openjdk-15.0.1\bin\instrument.dll
0x00007ffefbba0000 - 0x00007ffefbbc5000 	C:\Users\epr2\.jdks\openjdk-15.0.1\bin\java.dll
0x00007fff0f430000 - 0x00007fff10929000 	C:\windows\System32\SHELL32.dll
0x00007fff0ed00000 - 0x00007fff0eda8000 	C:\windows\System32\shcore.dll
0x00007fff0d5c0000 - 0x00007fff0dd12000 	C:\windows\System32\windows.storage.dll
0x00007fff0d440000 - 0x00007fff0d464000 	C:\windows\System32\profapi.dll
0x00007fff0d4b0000 - 0x00007fff0d50d000 	C:\windows\System32\powrprof.dll
0x00007fff0f320000 - 0x00007fff0f372000 	C:\windows\System32\shlwapi.dll
0x00007fff0e660000 - 0x00007fff0e677000 	C:\windows\System32\cryptsp.dll
0x00007fff01570000 - 0x00007fff0157b000 	C:\Users\epr2\.jdks\openjdk-15.0.1\bin\dt_socket.dll
0x00007fff0c930000 - 0x00007fff0c96d000 	C:\windows\SYSTEM32\IPHLPAPI.DLL
0x00007fff0cc00000 - 0x00007fff0cc67000 	C:\windows\system32\mswsock.dll
0x00007fff00400000 - 0x00007fff00418000 	C:\Users\epr2\.jdks\openjdk-15.0.1\bin\zip.dll
0x00007fff013b0000 - 0x00007fff013c9000 	C:\Users\epr2\.jdks\openjdk-15.0.1\bin\net.dll
0x00007fff08450000 - 0x00007fff08544000 	C:\windows\SYSTEM32\WINHTTP.dll
0x00007fff004e0000 - 0x00007fff004f2000 	C:\Users\epr2\.jdks\openjdk-15.0.1\bin\nio.dll
0x00007fff01540000 - 0x00007fff01550000 	C:\Users\epr2\.jdks\openjdk-15.0.1\bin\verify.dll
0x0000000071100000 - 0x0000000071125000 	C:\Users\epr2\.jssc\windows\jSSC-2.8_x86_64.dll

dbghelp: loaded successfully - version: 4.0.5 - missing functions: none
symbol engine: initialized successfully - sym options: 0x614 - pdb path: .;C:\Users\epr2\.jdks\openjdk-15.0.1\bin;C:\windows\SYSTEM32;C:\windows\WinSxS\amd64_microsoft.windows.common-controls_6595b64144ccf1df_6.0.17763.1518_none_de6e2bd0534e2567;C:\Users\epr2\.jdks\openjdk-15.0.1\bin\server;C:\Users\epr2\.jssc\windows

VM Arguments:
jvm_args: -agentlib:jdwp=transport=dt_socket,address=127.0.0.1:58750,suspend=y,server=n -javaagent:C:\Users\epr2\AppData\Local\JetBrains\IdeaIC2020.2\captureAgent\debugger-agent.jar -Dfile.encoding=UTF-8 
java_command: edu.tpu.dar.ruban.Main
java_class_path (initial): C:\Users\epr2\IdeaProjects\BlePositionigApp\out\production\BlePositionigApp;C:\Users\epr2\.m2\repository\org\scream3r\jssc\2.8.0\jssc-2.8.0.jar;C:\Users\epr2\AppData\Local\JetBrains\IntelliJ IDEA Community Edition 2020.2.3\lib\idea_rt.jar
Launcher Type: SUN_STANDARD

[Global flags]
     intx CICompilerCount                          = 3                                         {product} {ergonomic}
     uint ConcGCThreads                            = 1                                         {product} {ergonomic}
     uint G1ConcRefinementThreads                  = 4                                         {product} {ergonomic}
   size_t G1HeapRegionSize                         = 1048576                                   {product} {ergonomic}
    uintx GCDrainStackTargetSize                   = 64                                        {product} {ergonomic}
   size_t InitialHeapSize                          = 134217728                                 {product} {ergonomic}
   size_t MarkStackSize                            = 4194304                                   {product} {ergonomic}
   size_t MaxHeapSize                              = 2118123520                                {product} {ergonomic}
   size_t MaxNewSize                               = 1270874112                                {product} {ergonomic}
   size_t MinHeapDeltaBytes                        = 1048576                                   {product} {ergonomic}
   size_t MinHeapSize                              = 8388608                                   {product} {ergonomic}
    uintx NonNMethodCodeHeapSize                   = 5832780                                {pd product} {ergonomic}
    uintx NonProfiledCodeHeapSize                  = 122912730                              {pd product} {ergonomic}
    uintx ProfiledCodeHeapSize                     = 122912730                              {pd product} {ergonomic}
    uintx ReservedCodeCacheSize                    = 251658240                              {pd product} {ergonomic}
     bool SegmentedCodeCache                       = true                                      {product} {ergonomic}
   size_t SoftMaxHeapSize                          = 2118123520                             {manageable} {ergonomic}
     bool UseCompressedClassPointers               = true                                 {lp64_product} {ergonomic}
     bool UseCompressedOops                        = true                                 {lp64_product} {ergonomic}
     bool UseG1GC                                  = true                                      {product} {ergonomic}
     bool UseLargePagesIndividualAllocation        = false                                  {pd product} {ergonomic}

Logging:
Log output configuration:
 #0: stdout all=warning uptime,level,tags
 #1: stderr all=off uptime,level,tags

Environment Variables:
JAVA_HOME=C:\Programs\Amazon\Corretto\jre8\64
PATH=C:\windows\system32;C:\windows;C:\windows\System32\Wbem;C:\windows\System32\WindowsPowerShell\v1.0\;C:\windows\System32\OpenSSH\;C:\Program Files\MATLAB\R2017b\runtime\win64;C:\Program Files\MATLAB\R2017b\bin;C:\windows\system32\config\systemprofile\.dnx\bin;C:\Program Files\Microsoft DNX\Dnvm\;C:\Program Files\Microsoft SQL Server\120\Tools\Binn\;C:\Program Files (x86)\Windows Kits\10\Windows Performance Toolkit\;C:\Program Files (x86)\nodejs\;C:\Program Files\Git\cmd;C:\Program Files (x86)\Microsoft Emulator Manager\1.0\;C:\Programs\Amazon\Corretto\jre8\64\bin;C:\Program Files\CMake\bin;C:\Users\epr2\AppData\Local\Microsoft\WindowsApps;;C:\Users\epr2\AppData\Local\Programs\Microsoft VS Code\bin;C:\Users\epr2\AppData\Local\JetBrains\IntelliJ IDEA Community Edition 2020.2.3\bin;
USERNAME=epr2
OS=Windows_NT
PROCESSOR_IDENTIFIER=Intel64 Family 6 Model 158 Stepping 9, GenuineIntel



---------------  S Y S T E M  ---------------

OS:
 Windows 10 , 64 bit Build 17763 (10.0.17763.475)
OS uptime: 0 days 21:06 hours
HyperV virtualization detected

CPU: total 4 (initial active 4) (4 cores per cpu, 1 threads per core) family 6 model 158 stepping 9 microcode 0xb4, cmov, cx8, fxsr, mmx, sse, sse2, sse3, ssse3, sse4.1, sse4.2, popcnt, vzeroupper, avx, avx2, aes, clmul, erms, rtm, 3dnowpref, lzcnt, tsc, tscinvbit, bmi1, bmi2, adx, fma, clflush, clflushopt

Memory: 4k page, system-wide physical 8079M (3099M free)
TotalPageFile size 12943M (AvailPageFile size 6295M)
current process WorkingSet (physical memory assigned to process): 33M, peak: 33M
current process commit charge ("private bytes"): 207M, peak: 207M

vm_info: OpenJDK 64-Bit Server VM (15.0.1+9-18) for windows-amd64 JRE (15.0.1+9-18), built on Sep 15 2020 14:39:31 by "mach5one" with unknown MS VC++:1925

END.
